This is LuaHBTeX, Version 1.18.0 (TeX Live 2024/Arch Linux)  (format=lualatex 2024.7.29)  31 JUL 2024 19:16
 system commands enabled.
**document.tex
(./document.tex
LaTeX2e <2023-11-01> patch level 1
L3 programming layer <2024-02-20>
Lua module: luaotfload 2024-02-14 3.28 Lua based OpenType font support
Lua module: lualibs 2023-07-13 2.76 ConTeXt Lua standard libraries.
Lua module: lualibs-extended 2023-07-13 2.76 ConTeXt Lua libraries -- extended c
ollection.
luaotfload | conf : Root cache directory is "/home/bob1ch/.texlive/texmf-var/lua
tex-cache/generic/names".
luaotfload | init : Loading fontloader "fontloader-2023-12-28.lua" from kpse-res
olved path "/usr/share/texmf-dist/tex/luatex/luaotfload/fontloader-2023-12-28.lu
a".
Lua-only attribute luaotfload@noligature = 1
luaotfload | init : Context OpenType loader version 3.134
Inserting `luaotfload.node_processor' in `pre_linebreak_filter'.
Inserting `luaotfload.node_processor' in `hpack_filter'.
Inserting `luaotfload.glyph_stream' in `glyph_stream_provider'.
Inserting `luaotfload.define_font' in `define_font'.
Lua-only attribute luaotfload_color_attribute = 2
luaotfload | conf : Root cache directory is "/home/bob1ch/.texlive/texmf-var/lua
tex-cache/generic/names".
Inserting `luaotfload.harf.strip_prefix' in `find_opentype_file'.
Inserting `luaotfload.harf.strip_prefix' in `find_truetype_file'.
Removing  `luaotfload.glyph_stream' from `glyph_stream_provider'.
Inserting `luaotfload.harf.glyphstream' in `glyph_stream_provider'.
Inserting `luaotfload.harf.finalize_vlist' in `post_linebreak_filter'.
Inserting `luaotfload.harf.finalize_hlist' in `hpack_filter'.
Inserting `luaotfload.cleanup_files' in `wrapup_run'.
Inserting `luaotfload.harf.finalize_unicode' in `finish_pdffile'.
Inserting `luaotfload.glyphinfo' in `glyph_info'.
Lua-only attribute luaotfload.letterspace_done = 3
Inserting `luaotfload.aux.set_sscale_dimens' in `luaotfload.patch_font'.
Inserting `luaotfload.aux.set_font_index' in `luaotfload.patch_font'.
Inserting `luaotfload.aux.patch_cambria_domh' in `luaotfload.patch_font'.
Inserting `luaotfload.aux.fixup_fontdata' in `luaotfload.patch_font_unsafe'.
Inserting `luaotfload.aux.set_capheight' in `luaotfload.patch_font'.
Inserting `luaotfload.aux.set_xheight' in `luaotfload.patch_font'.
Inserting `luaotfload.rewrite_fontname' in `luaotfload.patch_font'.
Inserting `tracingstacklevels' in `input_level_string'. (./fefu.cls
Document Class: fefu 2019/05/30 LaTeX document class for FEFU bachelor's thesis

(/usr/share/texmf-dist/tex/latex/extsizes/extarticle.cls
Document Class: extarticle 1996/10/08 v1.0 Non Standard LaTeX document class
(/usr/share/texmf-dist/tex/latex/extsizes/size14.clo
File: size14.clo 1999/11/11 v1.4a NON-Standard LaTeX file (size option)
luaotfload | db : Font names database loaded from /home/bob1ch/.texlive/texmf-va
r/luatex-cache/generic/names/luaotfload-names.luc.gz)
(/usr/share/texmf-dist/tex/latex/base/exscale.sty
Package: exscale 2018/09/24 v2.1i Standard LaTeX package exscale
LaTeX Font Info:    Redeclaring symbol font `largesymbols' on input line 57.
LaTeX Font Info:    Overwriting symbol font `largesymbols' in version `normal'
(Font)                  OMX/cmex/m/n --> OMX/cmex/m/n on input line 57.
LaTeX Font Info:    Overwriting symbol font `largesymbols' in version `bold'
(Font)                  OMX/cmex/m/n --> OMX/cmex/m/n on input line 57.
\big@size=\dimen139
)
\c@part=\count186
\c@section=\count187
\c@subsection=\count188
\c@subsubsection=\count189
\c@paragraph=\count190
\c@subparagraph=\count191
\c@figure=\count192
\c@table=\count193
\abovecaptionskip=\skip48
\belowcaptionskip=\skip49
\bibindent=\dimen140
) (./fefu_base.sty
Package: fefu_base 2019/05/30 LaTeX utility package for FEFU classes

(/usr/share/texmf-dist/tex/generic/ulem/ulem.sty
\UL@box=\box51
\UL@hyphenbox=\box52
\UL@skip=\skip50
\UL@hook=\toks17
\UL@height=\dimen141
\UL@pe=\count194
\UL@pixel=\dimen142
\ULC@box=\box53
Package: ulem 2019/11/18
\ULdepth=\dimen143
)
(/usr/share/texmf-dist/tex/latex/tools/calc.sty
Package: calc 2023/07/08 v4.3 Infix arithmetic (KKT,FJ)
\calc@Acount=\count195
\calc@Bcount=\count196
\calc@Adimen=\dimen144
\calc@Bdimen=\dimen145
\calc@Askip=\skip51
\calc@Bskip=\skip52
LaTeX Info: Redefining \setlength on input line 80.
LaTeX Info: Redefining \addtolength on input line 81.
\calc@Ccount=\count197
\calc@Cskip=\skip53
)
(/usr/share/texmf-dist/tex/latex/pbox/pbox.sty
Package: pbox 2011/12/07 v1.2 Dynamic parboxes

(/usr/share/texmf-dist/tex/latex/base/ifthen.sty
Package: ifthen 2022/04/13 v1.1d Standard LaTeX ifthen package (DPC)
)
\pb@xlen=\skip54
)
(/usr/share/texmf-dist/tex/latex/tools/array.sty
Package: array 2023/10/16 v2.5g Tabular extension package (FMi)
\col@sep=\dimen146
\ar@mcellbox=\box54
\extrarowheight=\dimen147
\NC@list=\toks18
\extratabsurround=\skip55
\backup@length=\skip56
\ar@cellbox=\box55
)
(/usr/share/texmf-dist/tex/latex/xifthen/xifthen.sty
Package: xifthen 2015/11/05 v1.4.0 Extended ifthen features

(/usr/share/texmf-dist/tex/latex/ifmtarg/ifmtarg.sty
Package: ifmtarg 2018/04/16 v1.2b check for an empty argument
))
(/usr/share/texmf-dist/tex/latex/graphics/graphicx.sty
Package: graphicx 2021/09/16 v1.2d Enhanced LaTeX Graphics (DPC,SPQR)

(/usr/share/texmf-dist/tex/latex/graphics/keyval.sty
Package: keyval 2022/05/29 v1.15 key=value parser (DPC)
\KV@toks@=\toks19
)
(/usr/share/texmf-dist/tex/latex/graphics/graphics.sty
Package: graphics 2022/03/10 v1.4e Standard LaTeX Graphics (DPC,SPQR)

(/usr/share/texmf-dist/tex/latex/graphics/trig.sty
Package: trig 2021/08/11 v1.11 sin cos tan (DPC)
)
(/usr/share/texmf-dist/tex/latex/graphics-cfg/graphics.cfg
File: graphics.cfg 2016/06/04 v1.11 sample graphics configuration
)
Package graphics Info: Driver file: luatex.def on input line 107.

(/usr/share/texmf-dist/tex/latex/graphics-def/luatex.def
File: luatex.def 2022/09/22 v1.2d Graphics/color driver for luatex
))
\Gin@req@height=\dimen148
\Gin@req@width=\dimen149
)
(/usr/share/texmf-dist/tex/latex/fontspec/fontspec.sty
(/usr/share/texmf-dist/tex/latex/l3packages/xparse/xparse.sty
(/usr/share/texmf-dist/tex/latex/l3kernel/expl3.sty
Package: expl3 2024-02-20 L3 programming layer (loader) 

(/usr/share/texmf-dist/tex/latex/l3backend/l3backend-luatex.def
File: l3backend-luatex.def 2024-02-20 L3 backend support: PDF output (LuaTeX)
\l__color_backend_stack_int=\count198
Inserting `l3color' in `luaotfload.parse_color'.
\l__pdf_internal_box=\box56
))
Package: xparse 2024-02-18 L3 Experimental document command parser
)
Package: fontspec 2024/02/13 v2.9a Font selection for XeLaTeX and LuaLaTeX
Lua module: fontspec 2024/02/13 2.9a Font selection for XeLaTeX and LuaLaTeX
(/usr/share/texmf-dist/tex/latex/fontspec/fontspec-luatex.sty
Package: fontspec-luatex 2024/02/13 v2.9a Font selection for XeLaTeX and LuaLaT
eX
\l__fontspec_script_int=\count199
\l__fontspec_language_int=\count266
\l__fontspec_strnum_int=\count267
\l__fontspec_tmp_int=\count268
\l__fontspec_tmpa_int=\count269
\l__fontspec_tmpb_int=\count270
\l__fontspec_tmpc_int=\count271
\l__fontspec_em_int=\count272
\l__fontspec_emdef_int=\count273
\l__fontspec_strong_int=\count274
\l__fontspec_strongdef_int=\count275
\l__fontspec_tmpa_dim=\dimen150
\l__fontspec_tmpb_dim=\dimen151
\l__fontspec_tmpc_dim=\dimen152

(/usr/share/texmf-dist/tex/latex/base/fontenc.sty
Package: fontenc 2021/04/29 v2.0v Standard LaTeX package
)
(/usr/share/texmf-dist/tex/latex/fontspec/fontspec.cfg)))
(/usr/share/texmf-dist/tex/latex/etoolbox/etoolbox.sty
Package: etoolbox 2020/10/05 v2.5k e-TeX tools for LaTeX (JAW)
\etb@tempcnta=\count276
)
(/usr/share/texmf-dist/tex/latex/polyglossia/polyglossia.sty
Package: polyglossia 2024/03/07 v2.1 Modern multilingual typesetting with XeLaT
eX and LuaLaTeX

(/usr/share/texmf-dist/tex/latex/xkeyval/xkeyval.sty
Package: xkeyval 2022/06/16 v2.9 package option processing (HA)

(/usr/share/texmf-dist/tex/generic/xkeyval/xkeyval.tex
(/usr/share/texmf-dist/tex/generic/xkeyval/xkvutils.tex
\XKV@toks=\toks20
\XKV@tempa@toks=\toks21
)
\XKV@depth=\count277
File: xkeyval.tex 2014/12/03 v2.7a key=value parser (HA)
))
(/usr/share/texmf-dist/tex/generic/iftex/iftex.sty
Package: iftex 2022/02/03 v1.0f TeX engine tests
)
(/usr/share/texmf-dist/tex/luatex/luatexbase/luatexbase.sty
Package: luatexbase 2015/10/04 v1.3 luatexbase interface to LuaTeX 

(/usr/share/texmf-dist/tex/luatex/ctablestack/ctablestack.sty
Package: ctablestack 2015/10/01 v1.0 Catcode table stable support
\@catcodetablestackcnt=\count278
)
\CatcodeTableOther=\catcodetable14
\CatcodeTableExpl=\catcodetable15
)
Lua module: polyglossia 2013/05/11 1.3 Polyglossia
(/usr/share/texmf-dist/tex/latex/polyglossia/gloss-latex.ldf
File: gloss-latex.ldf polyglossia: module for default language
)
Package polyglossia Info: Default language is latex.
Package polyglossia Info: Setting LuaTeX font renderer to Harfbuzz.
))
(/usr/share/texmf-dist/tex/latex/geometry/geometry.sty
Package: geometry 2020/01/02 v5.9 Page Geometry

(/usr/share/texmf-dist/tex/generic/iftex/ifvtex.sty
Package: ifvtex 2019/10/25 v1.7 ifvtex legacy package. Use iftex instead.
)
\Gm@cnth=\count279
\Gm@cntv=\count280
\c@Gm@tempcnt=\count281
\Gm@bindingoffset=\dimen153
\Gm@wd@mp=\dimen154
\Gm@odd@mp=\dimen155
\Gm@even@mp=\dimen156
\Gm@layoutwidth=\dimen157
\Gm@layoutheight=\dimen158
\Gm@layouthoffset=\dimen159
\Gm@layoutvoffset=\dimen160
\Gm@dimlist=\toks22
)
(/usr/share/texmf-dist/tex/latex/setspace/setspace.sty
Package: setspace 2022/12/04 v6.7b set line spacing
)
(/usr/share/texmf-dist/tex/latex/tools/multicol.sty
Package: multicol 2023/03/30 v1.9f multicolumn formatting (FMi)
\c@tracingmulticols=\count282
\mult@box=\box57
\multicol@leftmargin=\dimen161
\c@unbalance=\count283
\c@collectmore=\count284
\doublecol@number=\count285
\multicoltolerance=\count286
\multicolpretolerance=\count287
\full@width=\dimen162
\page@free=\dimen163
\premulticols=\dimen164
\postmulticols=\dimen165
\multicolsep=\skip57
\multicolbaselineskip=\skip58
\partial@page=\box58
\last@line=\box59
\mc@boxedresult=\box60
\maxbalancingoverflow=\dimen166
\mult@rightbox=\box61
\mult@grightbox=\box62
\mult@firstbox=\box63
\mult@gfirstbox=\box64
\@tempa=\box65
\@tempa=\box66
\@tempa=\box67
\@tempa=\box68
\@tempa=\box69
\@tempa=\box70
\@tempa=\box71
\@tempa=\box72
\@tempa=\box73
\@tempa=\box74
\@tempa=\box75
\@tempa=\box76
\@tempa=\box77
\@tempa=\box78
\@tempa=\box79
\@tempa=\box80
\@tempa=\box81
\@tempa=\box82
\@tempa=\box83
\@tempa=\box84
\@tempa=\box85
\@tempa=\box86
\@tempa=\box87
\@tempa=\box88
\@tempa=\box89
\@tempa=\box90
\@tempa=\box91
\@tempa=\box92
\@tempa=\box93
\@tempa=\box94
\@tempa=\box95
\@tempa=\box96
\@tempa=\box97
\@tempa=\box98
\@tempa=\box99
\@tempa=\box100
\c@minrows=\count288
\c@columnbadness=\count289
\c@finalcolumnbadness=\count290
\last@try=\dimen167
\multicolovershoot=\dimen168
\multicolundershoot=\dimen169
\mult@nat@firstbox=\box101
\colbreak@box=\box102
\mc@col@check@num=\count291
)
(/usr/share/texmf-dist/tex/latex/titlesec/titlesec.sty
Package: titlesec 2023/10/27 v2.16 Sectioning titles
\ttl@box=\box103
\beforetitleunit=\skip59
\aftertitleunit=\skip60
\ttl@plus=\dimen170
\ttl@minus=\dimen171
\ttl@toksa=\toks23
\titlewidth=\dimen172
\titlewidthlast=\dimen173
\titlewidthfirst=\dimen174
)
(/usr/share/texmf-dist/tex/latex/hyperref/hyperref.sty
Package: hyperref 2024-01-20 v7.01h Hypertext links for LaTeX

(/usr/share/texmf-dist/tex/latex/kvsetkeys/kvsetkeys.sty
Package: kvsetkeys 2022-10-05 v1.19 Key value parser (HO)
)
(/usr/share/texmf-dist/tex/generic/kvdefinekeys/kvdefinekeys.sty
Package: kvdefinekeys 2019-12-19 v1.6 Define keys (HO)
)
(/usr/share/texmf-dist/tex/generic/pdfescape/pdfescape.sty
Package: pdfescape 2019/12/09 v1.15 Implements pdfTeX's escape features (HO)

(/usr/share/texmf-dist/tex/generic/ltxcmds/ltxcmds.sty
Package: ltxcmds 2023-12-04 v1.26 LaTeX kernel commands for general use (HO)
)
(/usr/share/texmf-dist/tex/generic/pdftexcmds/pdftexcmds.sty
Package: pdftexcmds 2020-06-27 v0.33 Utility functions of pdfTeX for LuaTeX (HO
)

(/usr/share/texmf-dist/tex/generic/infwarerr/infwarerr.sty
Package: infwarerr 2019/12/03 v1.5 Providing info/warning/error messages (HO)
)
Package pdftexcmds Info: \pdf@primitive is available.
Package pdftexcmds Info: \pdf@ifprimitive is available.
Package pdftexcmds Info: \pdfdraftmode found.
\pdftexcmds@toks=\toks24
))
(/usr/share/texmf-dist/tex/latex/hycolor/hycolor.sty
Package: hycolor 2020-01-27 v1.10 Color options for hyperref/bookmark (HO)
)
(/usr/share/texmf-dist/tex/latex/auxhook/auxhook.sty
Package: auxhook 2019-12-17 v1.6 Hooks for auxiliary files (HO)
)
(/usr/share/texmf-dist/tex/latex/hyperref/nameref.sty
Package: nameref 2023-11-26 v2.56 Cross-referencing by name of section

(/usr/share/texmf-dist/tex/latex/refcount/refcount.sty
Package: refcount 2019/12/15 v3.6 Data extraction from label references (HO)
)
(/usr/share/texmf-dist/tex/generic/gettitlestring/gettitlestring.sty
Package: gettitlestring 2019/12/15 v1.6 Cleanup title references (HO)

(/usr/share/texmf-dist/tex/latex/kvoptions/kvoptions.sty
Package: kvoptions 2022-06-15 v3.15 Key value format for package options (HO)
))
\c@section@level=\count292
)
\@linkdim=\dimen175
\Hy@linkcounter=\count293
\Hy@pagecounter=\count294

(/usr/share/texmf-dist/tex/latex/hyperref/pd1enc.def
File: pd1enc.def 2024-01-20 v7.01h Hyperref: PDFDocEncoding definition (HO)
)
(/usr/share/texmf-dist/tex/generic/intcalc/intcalc.sty
Package: intcalc 2019/12/15 v1.3 Expandable calculations with integers (HO)
)
\Hy@SavedSpaceFactor=\count295

(/usr/share/texmf-dist/tex/latex/hyperref/puenc.def
File: puenc.def 2024-01-20 v7.01h Hyperref: PDF Unicode definition (HO)
)
Package hyperref Info: Hyper figures OFF on input line 4179.
Package hyperref Info: Link nesting OFF on input line 4184.
Package hyperref Info: Hyper index ON on input line 4187.
Package hyperref Info: Plain pages OFF on input line 4194.
Package hyperref Info: Backreferencing OFF on input line 4199.
Package hyperref Info: Implicit mode ON; LaTeX internals redefined.
Package hyperref Info: Bookmarks ON on input line 4446.
\c@Hy@tempcnt=\count296

(/usr/share/texmf-dist/tex/latex/url/url.sty
\Urlmuskip=\muskip16
Package: url 2013/09/16  ver 3.4  Verb mode for urls, etc.
)
LaTeX Info: Redefining \url on input line 4784.
\XeTeXLinkMargin=\dimen176

(/usr/share/texmf-dist/tex/generic/bitset/bitset.sty
Package: bitset 2019/12/09 v1.3 Handle bit-vector datatype (HO)

(/usr/share/texmf-dist/tex/generic/bigintcalc/bigintcalc.sty
Package: bigintcalc 2019/12/15 v1.5 Expandable calculations on big integers (HO
)
))
\Fld@menulength=\count297
\Field@Width=\dimen177
\Fld@charsize=\dimen178
Package hyperref Info: Hyper figures OFF on input line 6063.
Package hyperref Info: Link nesting OFF on input line 6068.
Package hyperref Info: Hyper index ON on input line 6071.
Package hyperref Info: backreferencing OFF on input line 6078.
Package hyperref Info: Link coloring OFF on input line 6083.
Package hyperref Info: Link coloring with OCG OFF on input line 6088.
Package hyperref Info: PDF/A mode OFF on input line 6093.

(/usr/share/texmf-dist/tex/latex/base/atbegshi-ltx.sty
Package: atbegshi-ltx 2021/01/10 v1.0c Emulation of the original atbegshi
package with kernel methods
)
\Hy@abspage=\count298
\c@Item=\count299
\c@Hfootnote=\count300
)
Package hyperref Info: Driver (autodetected): hluatex.

(/usr/share/texmf-dist/tex/latex/hyperref/hluatex.def
File: hluatex.def 2024-01-20 v7.01h Hyperref driver for luaTeX

(/usr/share/texmf-dist/tex/generic/stringenc/stringenc.sty
Package: stringenc 2019/11/29 v1.12 Convert strings between diff. encodings (HO
)
)
(/usr/share/texmf-dist/tex/latex/base/atveryend-ltx.sty
Package: atveryend-ltx 2020/08/19 v1.0a Emulation of the original atveryend pac
kage
with kernel methods
)
\Fld@listcount=\count301
\c@bookmark@seq@number=\count302

(/usr/share/texmf-dist/tex/latex/rerunfilecheck/rerunfilecheck.sty
Package: rerunfilecheck 2022-07-10 v1.10 Rerun checks for auxiliary files (HO)

(/usr/share/texmf-dist/tex/generic/uniquecounter/uniquecounter.sty
Package: uniquecounter 2019/12/15 v1.4 Provide unlimited unique counter (HO)
)
Package uniquecounter Info: New unique counter `rerunfilecheck' on input line 2
85.
)
\Hy@SectionHShift=\skip61
)
(/usr/share/texmf-dist/tex/latex/abstract/abstract.sty
Package: abstract 2009/06/08 v1.2a configurable abstracts
\abstitleskip=\skip62
\absleftindent=\skip63
\absrightindent=\skip64
\absparindent=\skip65
\absparsep=\skip66
)
(/usr/share/texmf-dist/tex/latex/fancyhdr/fancyhdr.sty
Package: fancyhdr 2022/11/09 v4.1 Extensive control of page headers and footers

\f@nch@headwidth=\skip67
\f@nch@O@elh=\skip68
\f@nch@O@erh=\skip69
\f@nch@O@olh=\skip70
\f@nch@O@orh=\skip71
\f@nch@O@elf=\skip72
\f@nch@O@erf=\skip73
\f@nch@O@olf=\skip74
\f@nch@O@orf=\skip75
)
(/usr/share/texmf-dist/tex/latex/enumitem/enumitem.sty
Package: enumitem 2019/06/20 v3.9 Customized lists
\labelindent=\skip76
\enit@outerparindent=\dimen179
\enit@toks=\toks25
\enit@inbox=\box104
\enit@count@id=\count303
\enitdp@description=\count304
)
(/usr/share/texmf-dist/tex/latex/stackengine/stackengine.sty
Package: stackengine 2021/07/22 v4.11\ Stacking text and objects in convenient 
ways

(/usr/share/texmf-dist/tex/generic/listofitems/listofitems.sty
(/usr/share/texmf-dist/tex/generic/listofitems/listofitems.tex
\loi_cnt_foreach_nest=\count305
\loi_nestcnt=\count306
)
Package: listofitems 2024/03/09 v1.65 Grab items in lists using user-specified 
sep char (CT)
)
\c@@stackindex=\count307
\@boxshift=\skip77
\stack@tmplength=\skip78
\temp@stkl=\skip79
\@stackedboxwidth=\skip80
\@addedbox=\box105
\@anchorbox=\box106
\@insetbox=\box107
\se@backgroundbox=\box108
\stackedbox=\box109
\@centerbox=\box110
\c@ROWcellindex@=\count308
)
(/usr/share/texmf-dist/tex/latex/pgf/utilities/pgffor.sty
(/usr/share/texmf-dist/tex/latex/pgf/utilities/pgfrcs.sty
(/usr/share/texmf-dist/tex/generic/pgf/utilities/pgfutil-common.tex
\pgfutil@everybye=\toks26
\pgfutil@tempdima=\dimen180
\pgfutil@tempdimb=\dimen181
)
(/usr/share/texmf-dist/tex/generic/pgf/utilities/pgfutil-latex.def
\pgfutil@abb=\box111
)
(/usr/share/texmf-dist/tex/generic/pgf/utilities/pgfrcs.code.tex
(/usr/share/texmf-dist/tex/generic/pgf/pgf.revision.tex)
Package: pgfrcs 2023-01-15 v3.1.10 (3.1.10)
))
(/usr/share/texmf-dist/tex/latex/pgf/utilities/pgfkeys.sty
(/usr/share/texmf-dist/tex/generic/pgf/utilities/pgfkeys.code.tex
\pgfkeys@pathtoks=\toks27
\pgfkeys@temptoks=\toks28

(/usr/share/texmf-dist/tex/generic/pgf/utilities/pgfkeyslibraryfiltered.code.te
x
\pgfkeys@tmptoks=\toks29
))) (/usr/share/texmf-dist/tex/latex/pgf/math/pgfmath.sty
(/usr/share/texmf-dist/tex/generic/pgf/math/pgfmath.code.tex
(/usr/share/texmf-dist/tex/generic/pgf/math/pgfmathutil.code.tex
\pgf@x=\dimen182
\pgf@xa=\dimen183
\pgf@xb=\dimen184
\pgf@xc=\dimen185
\pgf@y=\dimen186
\pgf@ya=\dimen187
\pgf@yb=\dimen188
\pgf@yc=\dimen189
\c@pgf@counta=\count309
\c@pgf@countb=\count310
\c@pgf@countc=\count311
\c@pgf@countd=\count312
)
(/usr/share/texmf-dist/tex/generic/pgf/math/pgfmathparser.code.tex
\pgfmath@dimen=\dimen190
\pgfmath@count=\count313
\pgfmath@box=\box112
\pgfmath@toks=\toks30
\pgfmath@stack@operand=\toks31
\pgfmath@stack@operation=\toks32
)
(/usr/share/texmf-dist/tex/generic/pgf/math/pgfmathfunctions.code.tex)
(/usr/share/texmf-dist/tex/generic/pgf/math/pgfmathfunctions.basic.code.tex)
(/usr/share/texmf-dist/tex/generic/pgf/math/pgfmathfunctions.trigonometric.code
.tex)
(/usr/share/texmf-dist/tex/generic/pgf/math/pgfmathfunctions.random.code.tex)
(/usr/share/texmf-dist/tex/generic/pgf/math/pgfmathfunctions.comparison.code.te
x) (/usr/share/texmf-dist/tex/generic/pgf/math/pgfmathfunctions.base.code.tex)
(/usr/share/texmf-dist/tex/generic/pgf/math/pgfmathfunctions.round.code.tex)
(/usr/share/texmf-dist/tex/generic/pgf/math/pgfmathfunctions.misc.code.tex)
(/usr/share/texmf-dist/tex/generic/pgf/math/pgfmathfunctions.integerarithmetics
.code.tex) (/usr/share/texmf-dist/tex/generic/pgf/math/pgfmathcalc.code.tex)
(/usr/share/texmf-dist/tex/generic/pgf/math/pgfmathfloat.code.tex
\c@pgfmathroundto@lastzeros=\count314
)))
(/usr/share/texmf-dist/tex/generic/pgf/utilities/pgffor.code.tex
Package: pgffor 2023-01-15 v3.1.10 (3.1.10)
\pgffor@iter=\dimen191
\pgffor@skip=\dimen192
\pgffor@stack=\toks33
\pgffor@toks=\toks34
))
(/usr/share/texmf-dist/tex/latex/tools/longtable.sty
Package: longtable 2023-11-01 v4.19 Multi-page Table package (DPC)
\LTleft=\skip81
\LTright=\skip82
\LTpre=\skip83
\LTpost=\skip84
\LTchunksize=\count315
\LTcapwidth=\dimen193
\LT@head=\box113
\LT@firsthead=\box114
\LT@foot=\box115
\LT@lastfoot=\box116
\LT@gbox=\box117
\LT@cols=\count316
\LT@rows=\count317
\c@LT@tables=\count318
\c@LT@chunks=\count319
\LT@p@ftn=\toks35
)
(/usr/share/texmf-dist/tex/generic/xstring/xstring.sty
(/usr/share/texmf-dist/tex/generic/xstring/xstring.tex
\xs_counta=\count320
\xs_countb=\count321
)
Package: xstring 2023/08/22 v1.86 String manipulations (CT)
)
(/usr/share/texmf-dist/tex/latex/ifplatform/ifplatform.sty
Package: ifplatform 2017/10/13 v0.4a Testing for the operating system

(/usr/share/texmf-dist/tex/latex/tools/shellesc.sty
Package: shellesc 2023/07/08 v1.0d unified shell escape interface for LaTeX
Package shellesc Info: Unrestricted shell escape enabled on input line 75.
)
(/usr/share/texmf-dist/tex/generic/catchfile/catchfile.sty
Package: catchfile 2019/12/09 v1.8 Catch the contents of a file (HO)

(/usr/share/texmf-dist/tex/generic/etexcmds/etexcmds.sty
Package: etexcmds 2019/12/15 v1.7 Avoid name clashes with e-TeX commands (HO)
))
(/usr/share/texmf-dist/tex/generic/iftex/ifluatex.sty
Package: ifluatex 2019/10/25 v1.5 ifluatex legacy package. Use iftex instead.
)
runsystem(uname -s > "document.w18")...executed.
 (./document.w18)
runsystem(rm -- "document.w18")...executed.
)
(/usr/share/texmf-dist/tex/latex/relsize/relsize.sty
Package: relsize 2013/03/29 ver 4.1
)
(/usr/share/texmf-dist/tex/latex/multirow/multirow.sty
Package: multirow 2021/03/15 v2.8 Span multiple rows of a table
\multirow@colwidth=\skip85
\multirow@cntb=\count322
\multirow@dima=\skip86
\bigstrutjot=\dimen194
)
(/usr/share/texmf-dist/tex/latex/caption/caption.sty
Package: caption 2023/08/05 v3.6o Customizing captions (AR)

(/usr/share/texmf-dist/tex/latex/caption/caption3.sty
Package: caption3 2023/07/31 v2.4d caption3 kernel (AR)
\caption@tempdima=\dimen195
\captionmargin=\dimen196
\caption@leftmargin=\dimen197
\caption@rightmargin=\dimen198
\caption@width=\dimen199
\caption@indent=\dimen256
\caption@parindent=\dimen257
\caption@hangindent=\dimen258
Package caption Info: Standard document class detected.
)
\c@caption@flags=\count323
\c@continuedfloat=\count324
Package caption Info: hyperref package is loaded.
Package caption Info: longtable package is loaded.

(/usr/share/texmf-dist/tex/latex/caption/ltcaption.sty
Package: ltcaption 2021/01/08 v1.4c longtable captions (AR)
))
(/usr/share/texmf-dist/tex/latex/appendix/appendix.sty
Package: appendix 2020/02/08 v1.2c extra appendix facilities
\c@@pps=\count325
\c@@ppsavesec=\count326
\c@@ppsaveapp=\count327
)
(/usr/share/texmf-dist/tex/latex/glossaries/base/glossaries.sty
Package: glossaries 2023/09/29 v4.53 (NLCT)

(/usr/share/texmf-dist/tex/latex/mfirstuc/mfirstuc.sty
Package: mfirstuc 2022/10/14 v2.08 (NLCT)
\@glsmfirst=\toks36
\@glsmrest=\toks37
)
(/usr/share/texmf-dist/tex/latex/xfor/xfor.sty
Package: xfor 2009/02/05 v1.05 (NLCT)
)
(/usr/share/texmf-dist/tex/latex/datatool/datatool-base.sty
Package: datatool-base 2019/09/27 v2.32 (NLCT)

(/usr/share/texmf-dist/tex/latex/amsmath/amsmath.sty
Package: amsmath 2023/05/13 v2.17o AMS math features
\@mathmargin=\skip87

For additional information on amsmath, use the `?' option.
(/usr/share/texmf-dist/tex/latex/amsmath/amstext.sty
Package: amstext 2021/08/26 v2.01 AMS text

(/usr/share/texmf-dist/tex/latex/amsmath/amsgen.sty
File: amsgen.sty 1999/11/30 v2.0 generic functions
\@emptytoks=\toks38
\ex@=\dimen259
))
(/usr/share/texmf-dist/tex/latex/amsmath/amsbsy.sty
Package: amsbsy 1999/11/29 v1.2d Bold Symbols
\pmbraise@=\dimen260
)
(/usr/share/texmf-dist/tex/latex/amsmath/amsopn.sty
Package: amsopn 2022/04/08 v2.04 operator names
)
\inf@bad=\count328
LaTeX Info: Redefining \frac on input line 236.
\uproot@=\count329
\leftroot@=\count330
LaTeX Info: Redefining \overline on input line 399.
LaTeX Info: Redefining \colon on input line 410.
\classnum@=\count331
\DOTSCASE@=\count332
LaTeX Info: Redefining \ldots on input line 496.
LaTeX Info: Redefining \dots on input line 499.
LaTeX Info: Redefining \cdots on input line 620.
\Mathstrutbox@=\box118
\strutbox@=\box119
LaTeX Info: Redefining \big on input line 722.
LaTeX Info: Redefining \Big on input line 723.
LaTeX Info: Redefining \bigg on input line 724.
LaTeX Info: Redefining \Bigg on input line 725.
\big@size=\dimen261
LaTeX Font Info:    Redeclaring font encoding OML on input line 743.
LaTeX Font Info:    Redeclaring font encoding OMS on input line 744.
\macc@depth=\count333
LaTeX Info: Redefining \bmod on input line 905.
LaTeX Info: Redefining \pmod on input line 910.
LaTeX Info: Redefining \smash on input line 940.
LaTeX Info: Redefining \relbar on input line 970.
LaTeX Info: Redefining \Relbar on input line 971.
\c@MaxMatrixCols=\count334
\dotsspace@=\muskip17
\c@parentequation=\count335
\dspbrk@lvl=\count336
\tag@help=\toks39
\row@=\count337
\column@=\count338
\maxfields@=\count339
\andhelp@=\toks40
\eqnshift@=\dimen262
\alignsep@=\dimen263
\tagshift@=\dimen264
\tagwidth@=\dimen265
\totwidth@=\dimen266
\lineht@=\dimen267
\@envbody=\toks41
\multlinegap=\skip88
\multlinetaggap=\skip89
\mathdisplay@stack=\toks42
LaTeX Info: Redefining \[ on input line 2953.
LaTeX Info: Redefining \] on input line 2954.
)
(/usr/share/texmf-dist/tex/latex/substr/substr.sty
Package: substr 2009/10/20 v1.2 Handle substrings
\c@su@anzahl=\count340
)
(/usr/share/texmf-dist/tex/latex/datatool/datatool-fp.sty
Package: datatool-fp 2019/09/27 v2.32 (NLCT)

(/usr/share/texmf-dist/tex/latex/fp/fp.sty
Package: fp 1995/04/02

`Fixed Point Package', Version 0.8, April 2, 1995 (C) Michael Mehlich
(/usr/share/texmf-dist/tex/latex/fp/defpattern.sty
Package: defpattern 1994/10/12
\actioncount=\count341
)
(/usr/share/texmf-dist/tex/latex/fp/fp-basic.sty
Package: fp-basic 1996/05/13
\FP@xs=\count342
\FP@xia=\count343
\FP@xib=\count344
\FP@xfa=\count345
\FP@xfb=\count346
\FP@rega=\count347
\FP@regb=\count348
\FP@regs=\count349
\FP@times=\count350
)
(/usr/share/texmf-dist/tex/latex/fp/fp-addons.sty
Package: fp-addons 1995/03/15
)
(/usr/share/texmf-dist/tex/latex/fp/fp-snap.sty
Package: fp-snap 1995/04/05
)
(/usr/share/texmf-dist/tex/latex/fp/fp-exp.sty
Package: fp-exp 1995/04/03
)
(/usr/share/texmf-dist/tex/latex/fp/fp-trigo.sty
Package: fp-trigo 1995/04/14
)
(/usr/share/texmf-dist/tex/latex/fp/fp-pas.sty
Package: fp-pas 1994/08/29
)
(/usr/share/texmf-dist/tex/latex/fp/fp-random.sty
Package: fp-random 1995/02/23
\FPseed=\count351
)
(/usr/share/texmf-dist/tex/latex/fp/fp-eqn.sty
Package: fp-eqn 1995/04/03
)
(/usr/share/texmf-dist/tex/latex/fp/fp-upn.sty
Package: fp-upn 1996/10/21
)
(/usr/share/texmf-dist/tex/latex/fp/fp-eval.sty
Package: fp-eval 1995/04/03
)))
\@dtl@toks=\toks43
\@dtl@tmpcount=\count352
\dtl@tmplength=\skip90
\dtl@sortresult=\count353
\@dtl@numgrpsepcount=\count354
\@dtl@datatype=\count355
\dtl@codeA=\count356
\dtl@codeB=\count357
\@dtl@foreach@level=\count358
)
(/usr/share/texmf-dist/tex/latex/tracklang/tracklang.sty
Package: tracklang 2022/12/13 v1.6.1 (NLCT) Track Languages

(/usr/share/texmf-dist/tex/generic/tracklang/tracklang.tex)

Package tracklang Warning: Can't detect polyglossia main language. It may not h
ave been set yet on input line 211.

)
\gls@level=\count359
\@gls@tmpb=\toks44
\gls@tmplen=\skip91
\glskeylisttok=\toks45
\glslabeltok=\toks46
\glsshorttok=\toks47
\glslongtok=\toks48
 (/usr/share/texmf-dist/tex/latex/glossaries/styles/glossary-hypernav.sty
Package: glossary-hypernav 2023/09/29 v4.53 (NLCT)
)
(/usr/share/texmf-dist/tex/latex/glossaries/styles/glossary-list.sty
Package: glossary-list 2023/09/29 v4.53 (NLCT)
\glslistdottedwidth=\skip92
)
(/usr/share/texmf-dist/tex/latex/glossaries/styles/glossary-long.sty
Package: glossary-long 2023/09/29 v4.53 (NLCT)
\glsdescwidth=\skip93
\glspagelistwidth=\skip94
)
(/usr/share/texmf-dist/tex/latex/glossaries/styles/glossary-super.sty
Package: glossary-super 2023/09/29 v4.53 (NLCT)

(/usr/share/texmf-dist/tex/latex/supertabular/supertabular.sty
Package: supertabular 2020/02/02 v4.1g the supertabular environment
\c@tracingst=\count360
\ST@wd=\dimen268
\ST@rightskip=\skip95
\ST@leftskip=\skip96
\ST@parfillskip=\skip97
\ST@pageleft=\dimen269
\ST@headht=\dimen270
\ST@tailht=\dimen271
\ST@pagesofar=\dimen272
\ST@pboxht=\dimen273
\ST@lineht=\dimen274
\ST@prevht=\dimen275
\ST@toadd=\dimen276
\ST@dimen=\dimen277
\ST@pbox=\box120
))
(/usr/share/texmf-dist/tex/latex/glossaries/styles/glossary-tree.sty
Package: glossary-tree 2023/09/29 v4.53 (NLCT)
\glstreeindent=\skip98
))
(/usr/share/texmf-dist/tex/latex/tocloft/tocloft.sty
Package: tocloft 2017/08/31 v2.3i parameterised ToC, etc., typesetting
Package tocloft Info: The document has section divisions on input line 51.
\cftparskip=\skip99
\cftbeforetoctitleskip=\skip100
\cftaftertoctitleskip=\skip101
\cftbeforepartskip=\skip102
\cftpartnumwidth=\skip103
\cftpartindent=\skip104
\cftbeforesecskip=\skip105
\cftsecindent=\skip106
\cftsecnumwidth=\skip107
\cftbeforesubsecskip=\skip108
\cftsubsecindent=\skip109
\cftsubsecnumwidth=\skip110
\cftbeforesubsubsecskip=\skip111
\cftsubsubsecindent=\skip112
\cftsubsubsecnumwidth=\skip113
\cftbeforeparaskip=\skip114
\cftparaindent=\skip115
\cftparanumwidth=\skip116
\cftbeforesubparaskip=\skip117
\cftsubparaindent=\skip118
\cftsubparanumwidth=\skip119
\cftbeforeloftitleskip=\skip120
\cftafterloftitleskip=\skip121
\cftbeforefigskip=\skip122
\cftfigindent=\skip123
\cftfignumwidth=\skip124
\c@lofdepth=\count361
\c@lotdepth=\count362
\cftbeforelottitleskip=\skip125
\cftafterlottitleskip=\skip126
\cftbeforetabskip=\skip127
\cfttabindent=\skip128
\cfttabnumwidth=\skip129
)
(/usr/share/texmf-dist/tex/latex/biblatex/biblatex.sty
Package: biblatex 2023/03/05 v3.19 programmable bibliographies (PK/MW)

(/usr/share/texmf-dist/tex/latex/logreq/logreq.sty
Package: logreq 2010/08/04 v1.0 xml request logger
\lrq@indent=\count363

(/usr/share/texmf-dist/tex/latex/logreq/logreq.def
File: logreq.def 2010/08/04 v1.0 logreq spec v1.0
))
\c@tabx@nest=\count364
\c@listtotal=\count365
\c@listcount=\count366
\c@liststart=\count367
\c@liststop=\count368
\c@citecount=\count369
\c@citetotal=\count370
\c@multicitecount=\count371
\c@multicitetotal=\count372
\c@instcount=\count373
\c@maxnames=\count374
\c@minnames=\count375
\c@maxitems=\count376
\c@minitems=\count377
\c@citecounter=\count378
\c@maxcitecounter=\count379
\c@savedcitecounter=\count380
\c@uniquelist=\count381
\c@uniquename=\count382
\c@refsection=\count383
\c@refsegment=\count384
\c@maxextratitle=\count385
\c@maxextratitleyear=\count386
\c@maxextraname=\count387
\c@maxextradate=\count388
\c@maxextraalpha=\count389
\c@abbrvpenalty=\count390
\c@highnamepenalty=\count391
\c@lownamepenalty=\count392
\c@maxparens=\count393
\c@parenlevel=\count394
\blx@tempcnta=\count395
\blx@tempcntb=\count396
\blx@tempcntc=\count397
\c@blx@maxsection=\count398
\blx@maxsegment@0=\count399
\blx@notetype=\count400
\blx@parenlevel@text=\count401
\blx@parenlevel@foot=\count402
\blx@sectionciteorder@0=\count403
\blx@sectionciteorderinternal@0=\count404
\blx@entrysetcounter=\count405
\blx@biblioinstance=\count406
\labelnumberwidth=\skip130
\labelalphawidth=\skip131
\biblabelsep=\skip132
\bibitemsep=\skip133
\bibnamesep=\skip134
\bibinitsep=\skip135
\bibparsep=\skip136
\bibhang=\skip137
\blx@bcfin=\read2
\blx@bcfout=\write3
\blx@langwohyphens=\language2
\c@mincomprange=\count407
\c@maxcomprange=\count408
\c@mincompwidth=\count409
Package biblatex Info: Trying to load biblatex default data model...
Package biblatex Info: ... file 'blx-dm.def' found.

(/usr/share/texmf-dist/tex/latex/biblatex/blx-dm.def
File: blx-dm.def 2023/03/05 v3.19 biblatex localization (PK/MW)
)
Package biblatex Info: Trying to load biblatex bibstyle data model...
Package biblatex Info: ... file 'gost-numeric.dbx' found.

(/usr/share/texmf-dist/tex/latex/biblatex-gost/gost-numeric.dbx
File: gost-numeric.dbx 2023/04/25 v1.24 biblatex-gost data model
Package biblatex Info: Trying to load biblatex-gost data model...
Package biblatex Info: ... file 'biblatex-gost.dbx' found.

(/usr/share/texmf-dist/tex/latex/biblatex-gost/biblatex-gost.dbx
File: biblatex-gost.dbx 2023/04/25 v1.24 biblatex-gost data model
))
Package biblatex Info: Trying to load biblatex custom data model...
Package biblatex Info: ... file 'biblatex-dm.cfg' not found.
\c@afterword=\count410
\c@savedafterword=\count411
\c@annotator=\count412
\c@savedannotator=\count413
\c@author=\count414
\c@savedauthor=\count415
\c@bookauthor=\count416
\c@savedbookauthor=\count417
\c@commentator=\count418
\c@savedcommentator=\count419
\c@editor=\count420
\c@savededitor=\count421
\c@editora=\count422
\c@savededitora=\count423
\c@editorb=\count424
\c@savededitorb=\count425
\c@editorc=\count426
\c@savededitorc=\count427
\c@foreword=\count428
\c@savedforeword=\count429
\c@holder=\count430
\c@savedholder=\count431
\c@introduction=\count432
\c@savedintroduction=\count433
\c@namea=\count434
\c@savednamea=\count435
\c@nameb=\count436
\c@savednameb=\count437
\c@namec=\count438
\c@savednamec=\count439
\c@translator=\count440
\c@savedtranslator=\count441
\c@shortauthor=\count442
\c@savedshortauthor=\count443
\c@shorteditor=\count444
\c@savedshorteditor=\count445
\c@booktranslator=\count446
\c@savedbooktranslator=\count447
\c@bookcommentator=\count448
\c@savedbookcommentator=\count449
\c@bookannotator=\count450
\c@savedbookannotator=\count451
\c@bookintroduction=\count452
\c@savedbookintroduction=\count453
\c@bookforeword=\count454
\c@savedbookforeword=\count455
\c@bookafterword=\count456
\c@savedbookafterword=\count457
\c@labelname=\count458
\c@savedlabelname=\count459
\c@institution=\count460
\c@savedinstitution=\count461
\c@lista=\count462
\c@savedlista=\count463
\c@listb=\count464
\c@savedlistb=\count465
\c@listc=\count466
\c@savedlistc=\count467
\c@listd=\count468
\c@savedlistd=\count469
\c@liste=\count470
\c@savedliste=\count471
\c@listf=\count472
\c@savedlistf=\count473
\c@location=\count474
\c@savedlocation=\count475
\c@organization=\count476
\c@savedorganization=\count477
\c@origlocation=\count478
\c@savedoriglocation=\count479
\c@origpublisher=\count480
\c@savedorigpublisher=\count481
\c@publisher=\count482
\c@savedpublisher=\count483
\c@language=\count484
\c@savedlanguage=\count485
\c@origlanguage=\count486
\c@savedoriglanguage=\count487
\c@bookoriglanguage=\count488
\c@savedbookoriglanguage=\count489
\c@specdata=\count490
\c@savedspecdata=\count491
\c@credits=\count492
\c@savedcredits=\count493
\c@bookcredits=\count494
\c@savedbookcredits=\count495
\c@editioncredits=\count496
\c@savededitioncredits=\count497
\c@pageref=\count498
\c@savedpageref=\count499
\shorthandwidth=\skip138
\shortjournalwidth=\skip139
\shortserieswidth=\skip140
\shorttitlewidth=\skip141
\shortauthorwidth=\skip142
\shorteditorwidth=\skip143
\locallabelnumberwidth=\skip144
\locallabelalphawidth=\skip145
\localshorthandwidth=\skip146
\localshortjournalwidth=\skip147
\localshortserieswidth=\skip148
\localshorttitlewidth=\skip149
\localshortauthorwidth=\skip150
\localshorteditorwidth=\skip151
Package biblatex Info: Trying to load enhanced support for Unicode engines...
Package biblatex Info: ... file 'blx-unicode.def' found.

(/usr/share/texmf-dist/tex/latex/biblatex/blx-unicode.def)
Package biblatex Info: Trying to load compatibility code...
Package biblatex Info: ... file 'blx-compat.def' found.

(/usr/share/texmf-dist/tex/latex/biblatex/blx-compat.def
File: blx-compat.def 2023/03/05 v3.19 biblatex compatibility (PK/MW)
)
Package biblatex Info: Trying to load generic definitions...
Package biblatex Info: ... file 'biblatex.def' found.

(/usr/share/texmf-dist/tex/latex/biblatex/biblatex.def
File: biblatex.def 2023/03/05 v3.19 biblatex compatibility (PK/MW)
\c@textcitecount=\count500
\c@textcitetotal=\count501
\c@textcitemaxnames=\count502
\c@biburlbigbreakpenalty=\count503
\c@biburlbreakpenalty=\count504
\c@biburlnumpenalty=\count505
\c@biburlucpenalty=\count506
\c@biburllcpenalty=\count507
\biburlbigskip=\muskip18
\biburlnumskip=\muskip19
\biburlucskip=\muskip20
\biburllcskip=\muskip21
\c@smartand=\count508
)
Package biblatex Info: Trying to load bibliography style 'gost-numeric'...
Package biblatex Info: ... file 'gost-numeric.bbx' found.

(/usr/share/texmf-dist/tex/latex/biblatex-gost/gost-numeric.bbx
File: gost-numeric.bbx 2023/04/25 v1.24 biblatex-gost styles
Package biblatex Info: Trying to load bibliography style 'gost-standard'...
Package biblatex Info: ... file 'gost-standard.bbx' found.

(/usr/share/texmf-dist/tex/latex/biblatex-gost/gost-standard.bbx
File: gost-standard.bbx 2023/04/25 v1.24 biblatex-gost styles
Package biblatex Info: Trying to load biblatex-gost generic definitions...
Package biblatex Info: ... file 'biblatex-gost.def' found.

(/usr/share/texmf-dist/tex/latex/biblatex-gost/biblatex-gost.def
File: biblatex-gost.def 2023/04/25 v1.24 biblatex-gost styles
)
\c@blx@gost@pointer=\count509
\c@bbx:relatedcount=\count510
\c@bbx:relatedtotal=\count511
Package biblatex Info: Redefining autocite command 'footnote'.
Package biblatex Info: Redefining autocite command 'superscript'.
))
Package biblatex Info: Trying to load citation style 'numeric'...
Package biblatex Info: ... file 'numeric.cbx' found.

(/usr/share/texmf-dist/tex/latex/biblatex/cbx/numeric.cbx
File: numeric.cbx 2023/03/05 v3.19 biblatex citation style (PK/MW)
Package biblatex Info: Redefining '\cite'.
Package biblatex Info: Redefining '\parencite'.
Package biblatex Info: Redefining '\footcite'.
Package biblatex Info: Redefining '\footcitetext'.
Package biblatex Info: Redefining '\smartcite'.
Package biblatex Info: Redefining '\supercite'.
Package biblatex Info: Redefining '\textcite'.
Package biblatex Info: Redefining '\textcites'.
Package biblatex Info: Redefining '\cites'.
Package biblatex Info: Redefining '\parencites'.
Package biblatex Info: Redefining '\smartcites'.
)
Package biblatex Info: Trying to load configuration file...
Package biblatex Info: ... file 'biblatex.cfg' found.

(/usr/share/texmf-dist/tex/latex/biblatex/biblatex.cfg
File: biblatex.cfg 
)
Package biblatex Info: LuaTeX detected.
(biblatex)             Assuming input encoding 'utf8'.
Package biblatex Info: Document encoding is UTF8 ....
Package biblatex Info: ... and expl3
(biblatex)             2024-02-20 L3 programming layer (loader) 
(biblatex)             is new enough (at least 2020/04/06),
(biblatex)             setting 'casechanger=expl3'.

(/usr/share/texmf-dist/tex/latex/biblatex/blx-case-expl3.sty
Package: blx-case-expl3 2023/03/05 v3.19 expl3 case changing code for biblatex
))

Package biblatex-gost Warning: You set maxbibnames or maxcitenames
(biblatex-gost)                different from their default value 3.
(biblatex-gost)                Make sure that sorting works as expected.

\c@@FEFUcounter=\count512
\c@@FEFUpage=\count513
\c@@FEFUtable=\count514
\c@@FEFUdiarycounter=\count515
luaotfload | cache : Lookup cache loaded from /home/bob1ch/.texlive/texmf-var/lu
atex-cache/generic/names/luaotfload-lookup-cache.luc.

Package fontspec Info: Font family 'TimesNewRoman(0)' created for font 'Times
(fontspec)             New Roman' with options
(fontspec)             [Renderer=Harfbuzz,Ligatures=TeX].
(fontspec)              
(fontspec)              This font family consists of the following NFSS
(fontspec)             series/shapes:
(fontspec)              
(fontspec)             - 'normal' (m/n) with NFSS spec.:
(fontspec)             <->"name:TimesNewRoman:mode=harf;language=dflt;+tlig;"
(fontspec)             - 'small caps'  (m/sc) with NFSS spec.: 
(fontspec)             - 'bold' (b/n) with NFSS spec.:
(fontspec)             <->"name:TimesNewRoman/B:mode=harf;language=dflt;+tlig;"

(fontspec)             - 'bold small caps'  (b/sc) with NFSS spec.: 
(fontspec)             - 'italic' (m/it) with NFSS spec.:
(fontspec)             <->"name:TimesNewRoman/I:mode=harf;language=dflt;+tlig;"

(fontspec)             - 'italic small caps'  (m/scit) with NFSS spec.: 
(fontspec)             - 'bold italic' (b/it) with NFSS spec.:
(fontspec)             <->"name:TimesNewRoman/BI:mode=harf;language=dflt;+tlig;
"
(fontspec)             - 'bold italic small caps'  (b/scit) with NFSS spec.: 

(/usr/share/texmf-dist/tex/latex/polyglossia/gloss-russian.ldf
File: gloss-russian.ldf polyglossia: module for Russian

(/usr/share/texmf-dist/tex/latex/polyglossia/xpg-cyrillicnumbers.sty
Package: xpg-cyrillicnumbers 2019/11/15 v0.2 Formatting of Cyrillic alphabetic 
numbers
)
Module polyglossia Warning: Language russian not found in language.dat.lua on in
put line 22
Module polyglossia Warning: Language russian not found in language.dat.lua on in
put line 22

Package polyglossia Warning: No hyphenation patterns were loaded for `russian'
(polyglossia)                I will use \language=\l@nohyphenation instead on i
nput line 22.

\l@russian = a dialect from \language\l@nohyphenation 
Package polyglossia Info: Option: Russian, numerals=arabic.
(/usr/share/texmf-dist/tex/latex/polyglossia/babelsh.def
File: babelsh.def 2022/06/21 Babel common definitions for shorthands
 Taken verbatim from babel files (2022/06/06 v3.76)
)
Package babel Info: Making " an active character on input line 106.
)
Package polyglossia Info: Default language is russian.

(/usr/share/texmf-dist/tex/latex/polyglossia/gloss-english.ldf
File: gloss-english.ldf polyglossia: module for English
Package polyglossia Info: Option: English, variant=american.
)
Module polyglossia Warning: Language russian not found in language.dat.lua on in
put line 90

Package polyglossia Warning: No hyphenation patterns were loaded for `russian'
(polyglossia)                I will use \language=\l@nohyphenation instead on i
nput line 90.

\l@russian = a dialect from \language\l@nohyphenation 
Package polyglossia Info: Skipping automatic font setup for language russian.
\@FEFUcolumnwidth=\skip152
\@FEFUsignwidth=\skip153
\@FEFUlength=\skip154
\@FEFUfieldlength=\skip155
\@FEFUpostfieldlength=\skip156
\@FEFUcredentialslength=\skip157
(./fefu_style_default.sty
Package: fefu_style_default 2022/06/14 LaTeX default style for FEFU document

Package fontspec Info: CourierNew scale = 0.9.


Package fontspec Info: CourierNew scale = 0.9.


Package fontspec Info: CourierNew/B scale = 0.9.


Package fontspec Info: CourierNew/I scale = 0.9.


Package fontspec Info: CourierNew/BI scale = 0.9.


Package fontspec Info: Font family 'CourierNew(0)' created for font 'Courier
(fontspec)             New' with options
(fontspec)             [Renderer=Harfbuzz,WordSpace={1,0,0},HyphenChar=None,Pun
ctuationSpace=WordSpace,Scale=0.9].
(fontspec)              
(fontspec)              This font family consists of the following NFSS
(fontspec)             series/shapes:
(fontspec)              
(fontspec)             - 'normal' (m/n) with NFSS spec.:
(fontspec)             <->s*[0.9]"name:CourierNew:mode=harf;language=dflt;"
(fontspec)             - 'small caps'  (m/sc) with NFSS spec.: 
(fontspec)             and font adjustment code:
(fontspec)             \fontdimen 2\font =1\fontdimen 2\font \fontdimen 3\font
(fontspec)             =0\fontdimen 3\font \fontdimen 4\font =0\fontdimen
(fontspec)             4\font \fontdimen 7\font =0\fontdimen 2\font
(fontspec)             \tex_hyphenchar:D \font =-1\scan_stop: 
(fontspec)             - 'bold' (b/n) with NFSS spec.:
(fontspec)             <->s*[0.9]"name:CourierNew/B:mode=harf;language=dflt;"
(fontspec)             - 'bold small caps'  (b/sc) with NFSS spec.: 
(fontspec)             and font adjustment code:
(fontspec)             \fontdimen 2\font =1\fontdimen 2\font \fontdimen 3\font
(fontspec)             =0\fontdimen 3\font \fontdimen 4\font =0\fontdimen
(fontspec)             4\font \fontdimen 7\font =0\fontdimen 2\font
(fontspec)             \tex_hyphenchar:D \font =-1\scan_stop: 
(fontspec)             - 'italic' (m/it) with NFSS spec.:
(fontspec)             <->s*[0.9]"name:CourierNew/I:mode=harf;language=dflt;"
(fontspec)             - 'italic small caps'  (m/scit) with NFSS spec.: 
(fontspec)             and font adjustment code:
(fontspec)             \fontdimen 2\font =1\fontdimen 2\font \fontdimen 3\font
(fontspec)             =0\fontdimen 3\font \fontdimen 4\font =0\fontdimen
(fontspec)             4\font \fontdimen 7\font =0\fontdimen 2\font
(fontspec)             \tex_hyphenchar:D \font =-1\scan_stop: 
(fontspec)             - 'bold italic' (b/it) with NFSS spec.:
(fontspec)             <->s*[0.9]"name:CourierNew/BI:mode=harf;language=dflt;"
(fontspec)             - 'bold italic small caps'  (b/scit) with NFSS spec.: 
(fontspec)             and font adjustment code:
(fontspec)             \fontdimen 2\font =1\fontdimen 2\font \fontdimen 3\font
(fontspec)             =0\fontdimen 3\font \fontdimen 4\font =0\fontdimen
(fontspec)             4\font \fontdimen 7\font =0\fontdimen 2\font
(fontspec)             \tex_hyphenchar:D \font =-1\scan_stop: 

)

LaTeX Info: File `document-fefu.64' already exists on the system.
            Not generating it from this source.

) (/usr/share/texmf-dist/tex/latex/subfiles/subfiles.sty
Package: subfiles 2020/11/14 v2.2 Multi-file projects (package)

(/usr/share/texmf-dist/tex/latex/import/import.sty
Package: import 2020/04/01  v 6.2
))
(/usr/share/texmf-dist/tex/latex/float/float.sty
Package: float 2001/11/08 v1.3d Float enhancements (AL)
\c@float@type=\count516
\float@exts=\toks49
\float@box=\box121
\@float@everytoks=\toks50
\@floatcapt=\box122
)
(/usr/share/texmf-dist/tex/latex/minted/minted.sty
Package: minted 2023/12/18 v2.9 Yet another Pygments shim for LaTeX

(/usr/share/texmf-dist/tex/latex/fvextra/fvextra.sty
Package: fvextra 2023/11/28 v1.6.1 fvextra - extensions and patches for fancyvr
b

(/usr/share/texmf-dist/tex/latex/fancyvrb/fancyvrb.sty
Package: fancyvrb 2024/01/20 4.5c verbatim text (tvz,hv)
\FV@CodeLineNo=\count517
\FV@InFile=\read3
\FV@TabBox=\box123
\c@FancyVerbLine=\count518
\FV@StepNumber=\count519
\FV@OutFile=\write4
)
(/usr/share/texmf-dist/tex/latex/upquote/upquote.sty
Package: upquote 2012/04/19 v1.3 upright-quote and grave-accent glyphs in verba
tim

(/usr/share/texmf-dist/tex/latex/base/textcomp.sty
Package: textcomp 2020/02/02 v2.0n Standard LaTeX package
))
(/usr/share/texmf-dist/tex/latex/lineno/lineno.sty
Package: lineno 2023/05/20 line numbers on paragraphs v5.3
\linenopenalty=\count520
\output=\toks51
\linenoprevgraf=\count521
\linenumbersep=\dimen278
\linenumberwidth=\dimen279
\c@linenumber=\count522
\c@pagewiselinenumber=\count523
\c@LN@truepage=\count524
\c@internallinenumber=\count525
\c@internallinenumbers=\count526
\quotelinenumbersep=\dimen280
\bframerule=\dimen281
\bframesep=\dimen282
\bframebox=\box124
\linenoamsmath@ams@eqpen=\count527
LaTeX Info: Redefining \\ on input line 3180.
)
\c@FancyVerbWriteLine=\count528
\c@FancyVerbBufferIndex=\count529
\c@FancyVerbBufferLength=\count530
\c@FancyVerbBufferLine=\count531
\c@FV@oldbufferlength=\count532
\c@FV@TrueTabGroupLevel=\count533
\c@FV@TrueTabCounter=\count534
\FV@TabBox@Group=\box125
\FV@TmpLength=\skip158
\c@FV@HighlightLinesStart=\count535
\c@FV@HighlightLinesStop=\count536
\FV@LoopCount=\count537
\FV@NCharsBox=\box126
\FV@BreakIndent=\dimen283
\FV@BreakIndentNChars=\count538
\FV@BreakSymbolSepLeft=\dimen284
\FV@BreakSymbolSepLeftNChars=\count539
\FV@BreakSymbolSepRight=\dimen285
\FV@BreakSymbolSepRightNChars=\count540
\FV@BreakSymbolIndentLeft=\dimen286
\FV@BreakSymbolIndentLeftNChars=\count541
\FV@BreakSymbolIndentRight=\dimen287
\FV@BreakSymbolIndentRightNChars=\count542
\c@FancyVerbLineBreakLast=\count543
\FV@LineBox=\box127
\FV@LineIndentBox=\box128
\c@FV@BreakBufferDepth=\count544
\FV@LineWidth=\dimen288
)
(/usr/share/texmf-dist/tex/latex/framed/framed.sty
Package: framed 2011/10/22 v 0.96: framed or shaded text with page breaks
\OuterFrameSep=\skip159
\fb@frw=\dimen289
\fb@frh=\dimen290
\FrameRule=\dimen291
\FrameSep=\dimen292
)
\minted@appexistsfile=\read4
\minted@bgbox=\box129
\minted@code=\write5
\c@minted@FancyVerbLineTemp=\count545
\c@minted@pygmentizecounter=\count546
\@float@every@listing=\toks52
\c@listing=\count547
)
runsystem(mkdir -p _minted-document)...executed.

(/usr/share/texmf-dist/tex/generic/dirtree/dirtree.sty
Package: dirtree 2012/12/11 v0.32 package wrapper for dirtree

(/usr/share/texmf-dist/tex/generic/dirtree/dirtree.tex
`dirtree' v0.32, 2012/12/11 (jcc)
\DT@offset=\dimen293
\DT@width=\dimen294
\DT@sep=\dimen295
\DT@all=\dimen296
\DT@rulewidth=\dimen297
\DT@dotwidth=\dimen298
\DTbaselineskip=\dimen299
\DT@counti=\count548
\DT@countii=\count549
\DT@countiii=\count550
\DT@countiv=\count551
\DT@indent=\dimen300
\DT@parskip=\dimen301
\DT@baselineskip=\dimen302
)
File: dirtree.tex 2012/12/11 v0.32 `dirtree' (jcc)
)
\@quotelevel=\count552
\@quotereset=\count553

(/usr/share/texmf-dist/tex/latex/xcolor/xcolor.sty
Package: xcolor 2023/11/15 v3.01 LaTeX color extensions (UK)

(/usr/share/texmf-dist/tex/latex/graphics-cfg/color.cfg
File: color.cfg 2016/01/02 v1.6 sample color configuration
)
Package xcolor Info: Driver file: luatex.def on input line 274.

(/usr/share/texmf-dist/tex/latex/graphics/mathcolor.ltx)
Package xcolor Info: Model `cmy' substituted by `cmy0' on input line 1350.
Package xcolor Info: Model `hsb' substituted by `rgb' on input line 1354.
Package xcolor Info: Model `RGB' extended on input line 1366.
Package xcolor Info: Model `HTML' substituted by `rgb' on input line 1368.
Package xcolor Info: Model `Hsb' substituted by `hsb' on input line 1369.
Package xcolor Info: Model `tHsb' substituted by `hsb' on input line 1370.
Package xcolor Info: Model `HSB' substituted by `hsb' on input line 1371.
Package xcolor Info: Model `Gray' substituted by `gray' on input line 1372.
Package xcolor Info: Model `wave' substituted by `hsb' on input line 1373.
)
runsystem(command -v pygmentize && touch document.aex)...executed.
runsystem(rm document.aex)...executed.
 (./document.aux)
\openout1 = document.aux

LaTeX Font Info:    Checking defaults for OML/cmm/m/it on input line 36.
LaTeX Font Info:    ... okay on input line 36.
LaTeX Font Info:    Checking defaults for OMS/cmsy/m/n on input line 36.
LaTeX Font Info:    ... okay on input line 36.
LaTeX Font Info:    Checking defaults for OT1/cmr/m/n on input line 36.
LaTeX Font Info:    ... okay on input line 36.
LaTeX Font Info:    Checking defaults for T1/cmr/m/n on input line 36.
LaTeX Font Info:    ... okay on input line 36.
LaTeX Font Info:    Checking defaults for TS1/cmr/m/n on input line 36.
LaTeX Font Info:    Trying to load font information for TS1+cmr on input line 3
6.

(/usr/share/texmf-dist/tex/latex/base/ts1cmr.fd
File: ts1cmr.fd 2023/04/13 v2.5m Standard LaTeX font definitions
)
LaTeX Font Info:    ... okay on input line 36.
LaTeX Font Info:    Checking defaults for TU/lmr/m/n on input line 36.
LaTeX Font Info:    ... okay on input line 36.
LaTeX Font Info:    Checking defaults for OMX/cmex/m/n on input line 36.
LaTeX Font Info:    ... okay on input line 36.
LaTeX Font Info:    Checking defaults for U/cmr/m/n on input line 36.
LaTeX Font Info:    ... okay on input line 36.
LaTeX Font Info:    Checking defaults for PD1/pdf/m/n on input line 36.
LaTeX Font Info:    ... okay on input line 36.
LaTeX Font Info:    Checking defaults for PU/pdf/m/n on input line 36.
LaTeX Font Info:    ... okay on input line 36.

(/usr/share/texmf-dist/tex/context/base/mkii/supp-pdf.mkii
[Loading MPS to PDF converter (version 2006.09.02).]
\scratchcounter=\count554
\scratchdimen=\dimen303
\scratchbox=\box130
\nofMPsegments=\count555
\nofMParguments=\count556
\everyMPshowfont=\toks53
\MPscratchCnt=\count557
\MPscratchDim=\dimen304
\MPnumerator=\count558
\makeMPintoPDFobject=\count559
\everyMPtoPDFconversion=\toks54
) (/usr/share/texmf-dist/tex/latex/epstopdf-pkg/epstopdf-base.sty
Package: epstopdf-base 2020-01-24 v2.11 Base part for package epstopdf
Package epstopdf-base Info: Redefining graphics rule for `.eps' on input line 4
85.

(/usr/share/texmf-dist/tex/latex/latexconfig/epstopdf-sys.cfg
File: epstopdf-sys.cfg 2010/07/13 v1.3 Configuration of (r)epstopdf for TeX Liv
e
))

Package fontspec Info: Adjusting the maths setup (use [no-math] to avoid
(fontspec)             this).

\symlegacymaths=\mathgroup4
LaTeX Font Info:    Overwriting symbol font `legacymaths' in version `bold'
(Font)                  OT1/cmr/m/n --> OT1/cmr/bx/n on input line 36.
LaTeX Font Info:    Redeclaring math accent \acute on input line 36.
LaTeX Font Info:    Redeclaring math accent \grave on input line 36.
LaTeX Font Info:    Redeclaring math accent \ddot on input line 36.
LaTeX Font Info:    Redeclaring math accent \tilde on input line 36.
LaTeX Font Info:    Redeclaring math accent \bar on input line 36.
LaTeX Font Info:    Redeclaring math accent \breve on input line 36.
LaTeX Font Info:    Redeclaring math accent \check on input line 36.
LaTeX Font Info:    Redeclaring math accent \hat on input line 36.
LaTeX Font Info:    Redeclaring math accent \dot on input line 36.
LaTeX Font Info:    Redeclaring math accent \mathring on input line 36.
LaTeX Font Info:    Redeclaring math symbol \Gamma on input line 36.
LaTeX Font Info:    Redeclaring math symbol \Delta on input line 36.
LaTeX Font Info:    Redeclaring math symbol \Theta on input line 36.
LaTeX Font Info:    Redeclaring math symbol \Lambda on input line 36.
LaTeX Font Info:    Redeclaring math symbol \Xi on input line 36.
LaTeX Font Info:    Redeclaring math symbol \Pi on input line 36.
LaTeX Font Info:    Redeclaring math symbol \Sigma on input line 36.
LaTeX Font Info:    Redeclaring math symbol \Upsilon on input line 36.
LaTeX Font Info:    Redeclaring math symbol \Phi on input line 36.
LaTeX Font Info:    Redeclaring math symbol \Psi on input line 36.
LaTeX Font Info:    Redeclaring math symbol \Omega on input line 36.
LaTeX Font Info:    Redeclaring math symbol \mathdollar on input line 36.
LaTeX Font Info:    Redeclaring symbol font `operators' on input line 36.
LaTeX Font Info:    Encoding `OT1' has changed to `TU' for symbol font
(Font)              `operators' in the math version `normal' on input line 36.
LaTeX Font Info:    Overwriting symbol font `operators' in version `normal'
(Font)                  OT1/cmr/m/n --> TU/TimesNewRoman(0)/m/n on input line 3
6.
LaTeX Font Info:    Encoding `OT1' has changed to `TU' for symbol font
(Font)              `operators' in the math version `bold' on input line 36.
LaTeX Font Info:    Overwriting symbol font `operators' in version `bold'
(Font)                  OT1/cmr/bx/n --> TU/TimesNewRoman(0)/m/n on input line 
36.
LaTeX Font Info:    Overwriting symbol font `operators' in version `normal'
(Font)                  TU/TimesNewRoman(0)/m/n --> TU/TimesNewRoman(0)/m/n on 
input line 36.
LaTeX Font Info:    Overwriting math alphabet `\mathit' in version `normal'
(Font)                  OT1/cmr/m/it --> TU/TimesNewRoman(0)/m/it on input line
 36.
LaTeX Font Info:    Overwriting math alphabet `\mathbf' in version `normal'
(Font)                  OT1/cmr/bx/n --> TU/TimesNewRoman(0)/b/n on input line 
36.
LaTeX Font Info:    Overwriting math alphabet `\mathsf' in version `normal'
(Font)                  OT1/cmss/m/n --> TU/lmss/m/n on input line 36.
LaTeX Font Info:    Overwriting math alphabet `\mathtt' in version `normal'
(Font)                  OT1/cmtt/m/n --> TU/CourierNew(0)/m/n on input line 36.

LaTeX Font Info:    Overwriting symbol font `operators' in version `bold'
(Font)                  TU/TimesNewRoman(0)/m/n --> TU/TimesNewRoman(0)/b/n on 
input line 36.
LaTeX Font Info:    Overwriting math alphabet `\mathit' in version `bold'
(Font)                  OT1/cmr/bx/it --> TU/TimesNewRoman(0)/b/it on input lin
e 36.
LaTeX Font Info:    Overwriting math alphabet `\mathsf' in version `bold'
(Font)                  OT1/cmss/bx/n --> TU/lmss/b/n on input line 36.
LaTeX Font Info:    Overwriting math alphabet `\mathtt' in version `bold'
(Font)                  OT1/cmtt/m/n --> TU/CourierNew(0)/b/n on input line 36.


*geometry* driver: auto-detecting
*geometry* detected driver: luatex
*geometry* verbose mode - [ preamble ] result:
* driver: luatex
* paper: a4paper
* layout: <same size as paper>
* layoutoffset:(h,v)=(0.0pt,0.0pt)
* modes: 
* h-part:(L,W,R)=(71.13188pt, 497.92325pt, 28.45274pt)
* v-part:(T,H,B)=(56.9055pt, 731.23584pt, 56.9055pt)
* \paperwidth=597.50787pt
* \paperheight=845.04684pt
* \textwidth=497.92325pt
* \textheight=731.23584pt
* \oddsidemargin=-1.1381pt
* \evensidemargin=-1.1381pt
* \topmargin=-54.36449pt
* \headheight=14.0pt
* \headsep=25.0pt
* \topskip=14.0pt
* \footskip=30.0pt
* \marginparwidth=24.0pt
* \marginparsep=10.0pt
* \columnsep=10.0pt
* \skip\footins=12.0pt plus 4.0pt minus 2.0pt
* \hoffset=0.0pt
* \voffset=0.0pt
* \mag=1000
* \@twocolumnfalse
* \@twosidefalse
* \@mparswitchfalse
* \@reversemarginfalse
* (1in=72.27pt=25.4mm, 1cm=28.453pt)

Package hyperref Info: Link coloring OFF on input line 36.
(./document.out) (./document.out)
\@outlinefile=\write6

\openout6 = document.out
Package caption Info: Begin \AtBeginDocument code.
Package caption Info: float package is loaded.
Package caption Info: supertabular package is loaded.
Package caption Info: End \AtBeginDocument code.
Package biblatex Info: Trying to load language 'american' -> 'american-gost'...

Package biblatex Info: ... file 'american-gost.lbx' found.

(/usr/share/texmf-dist/tex/latex/biblatex-gost/american-gost.lbx
File: american-gost.lbx 2023/04/25 v1.24 biblatex-gost styles
Package biblatex Info: Trying to load language 'american'...
Package biblatex Info: ... file 'american.lbx' found.

(/usr/share/texmf-dist/tex/latex/biblatex/lbx/american.lbx
File: american.lbx 2023/03/05 v3.19 biblatex localization (PK/MW)
Package biblatex Info: Trying to load language 'english' -> 'english-gost'...
Package biblatex Info: ... file 'english-gost.lbx' found.

(/usr/share/texmf-dist/tex/latex/biblatex-gost/english-gost.lbx
File: english-gost.lbx 2023/04/25 v1.24 biblatex-gost styles
Package biblatex Info: Trying to load language 'english'...
Package biblatex Info: ... file 'english.lbx' found.

(/usr/share/texmf-dist/tex/latex/biblatex/lbx/english.lbx
File: english.lbx 2023/03/05 v3.19 biblatex localization (PK/MW)
)))
Package biblatex Info: Trying to load language 'american'...
Package biblatex Info: ... file 'american.lbx' found.

(/usr/share/texmf-dist/tex/latex/biblatex/lbx/american.lbx
File: american.lbx 2023/03/05 v3.19 biblatex localization (PK/MW)
Package biblatex Info: Trying to load language 'english' -> 'english-gost'...
Package biblatex Info: ... file 'english-gost.lbx' found.

(/usr/share/texmf-dist/tex/latex/biblatex-gost/english-gost.lbx
File: english-gost.lbx 2023/04/25 v1.24 biblatex-gost styles
Package biblatex Info: Trying to load language 'english'...
Package biblatex Info: ... file 'english.lbx' found.

(/usr/share/texmf-dist/tex/latex/biblatex/lbx/english.lbx
File: english.lbx 2023/03/05 v3.19 biblatex localization (PK/MW)
))))
Package biblatex Info: Trying to load language 'russian' -> 'russian-gost'...
Package biblatex Info: ... file 'russian-gost.lbx' found.

(/usr/share/texmf-dist/tex/latex/biblatex-gost/russian-gost.lbx
File: russian-gost.lbx 2023/04/25 v1.24 biblatex-gost styles
Package biblatex Info: Trying to load language 'russian'...
Package biblatex Info: ... file 'russian.lbx' found.

(/usr/share/texmf-dist/tex/latex/biblatex/lbx/russian.lbx
File: russian.lbx 2023/03/05 v3.19 biblatex localization (PK/MW)
)
Package biblatex Info: Trying to load language 'russian'...
Package biblatex Info: ... file 'russian.lbx' found.

(/usr/share/texmf-dist/tex/latex/biblatex/lbx/russian.lbx
File: russian.lbx 2023/03/05 v3.19 biblatex localization (PK/MW)
))
Package biblatex Info: LuaTeX detected.
(biblatex)             Assuming input encoding 'utf8'.
Package biblatex Info: Automatic encoding selection.
(biblatex)             Assuming data encoding 'utf8'.

\openout3 = document.bcf
Package biblatex Info: Trying to load bibliographic data...
Package biblatex Info: ... file 'document.bbl' not found.

No file document.bbl.
Package biblatex Info: Reference section=0 on input line 36.
Package biblatex Info: Reference segment=0 on input line 36.
LaTeX Info: Redefining \rmfamily on input line 36.
LaTeX Info: Redefining \sffamily on input line 36.
LaTeX Info: Redefining \ttfamily on input line 36.

Package polyglossia Warning: Asking to add empty feature to main font(Script="l
atin" to scripttag "") on input line 36.


Package polyglossia Warning: Asking to add empty feature to main font (Language
="Russian" to langtag "") on input line 36.

*geometry* verbose mode - [ newgeometry ] result:
* driver: luatex
* paper: a4paper
* layout: <same size as paper>
* layoutoffset:(h,v)=(0.0pt,0.0pt)
* modes: 
* h-part:(L,W,R)=(71.13188pt, 497.92325pt, 28.45274pt)
* v-part:(T,H,B)=(34.14322pt, 753.99812pt, 56.9055pt)
* \paperwidth=597.50787pt
* \paperheight=845.04684pt
* \textwidth=497.92325pt
* \textheight=753.99812pt
* \oddsidemargin=-1.1381pt
* \evensidemargin=-1.1381pt
* \topmargin=-77.12677pt
* \headheight=14.0pt
* \headsep=25.0pt
* \topskip=14.0pt
* \footskip=30.0pt
* \marginparwidth=24.0pt
* \marginparsep=10.0pt
* \columnsep=10.0pt
* \skip\footins=12.0pt plus 4.0pt minus 2.0pt
* \hoffset=0.0pt
* \voffset=0.0pt
* \mag=1000
* \@twocolumnfalse
* \@twosidefalse
* \@mparswitchfalse
* \@reversemarginfalse
* (1in=72.27pt=25.4mm, 1cm=28.453pt)

<document-fefu.png, id=40, 190.7125pt x 385.44pt>
File: document-fefu.png Graphic file (type png)
<use document-fefu.png>
Package luatex.def Info: document-fefu.png  used on input line 38.
(luatex.def)             Requested size: 28.60564pt x 57.81349pt.

Package polyglossia Warning: Asking to add empty feature to main font(Script="l
atin" to scripttag "") on input line 38.


Package polyglossia Warning: Asking to add empty feature to main font (Language
="Russian" to langtag "") on input line 38.


Package polyglossia Warning: Asking to add empty feature to main font(Script="l
atin" to scripttag "") on input line 38.


Package polyglossia Warning: Asking to add empty feature to main font (Language
="Russian" to langtag "") on input line 38.


Package polyglossia Warning: Asking to add empty feature to main font(Script="l
atin" to scripttag "") on input line 38.


Package polyglossia Warning: Asking to add empty feature to main font (Language
="Russian" to langtag "") on input line 38.

[1


{/var/lib/texmf/fonts/map/pdftex/updmap/pdftex.map}<./document-fefu.png>]

Class fefu Warning: \maketableofcontents is deprecated. Use \tableofcontents  o
n input line 39.

(./document.toc
LaTeX Info: Redefining \rmfamily on input line 1.
LaTeX Info: Redefining \sffamily on input line 1.
LaTeX Info: Redefining \ttfamily on input line 1.


Package polyglossia Warning: Asking to add empty feature to main font(Script="l
atin" to scripttag "") on input line 1.


Package polyglossia Warning: Asking to add empty feature to main font (Language
="Russian" to langtag "") on input line 1.


Package polyglossia Warning: Asking to add empty feature to main font(Script="l
atin" to scripttag "") on input line 4.


Package polyglossia Warning: Asking to add empty feature to main font (Language
="Russian" to langtag "") on input line 4.


Package polyglossia Warning: Asking to add empty feature to main font(Script="l
atin" to scripttag "") on input line 4.


Package polyglossia Warning: Asking to add empty feature to main font (Language
="Russian" to langtag "") on input line 4.


Package polyglossia Warning: Asking to add empty feature to main font(Script="l
atin" to scripttag "") on input line 4.


Package polyglossia Warning: Asking to add empty feature to main font (Language
="Russian" to langtag "") on input line 4.


Package polyglossia Warning: Asking to add empty feature to main font(Script="l
atin" to scripttag "") on input line 5.


Package polyglossia Warning: Asking to add empty feature to main font (Language
="Russian" to langtag "") on input line 5.


Package polyglossia Warning: Asking to add empty feature to main font(Script="l
atin" to scripttag "") on input line 5.


Package polyglossia Warning: Asking to add empty feature to main font (Language
="Russian" to langtag "") on input line 5.


Package polyglossia Warning: Asking to add empty feature to main font(Script="l
atin" to scripttag "") on input line 5.


Package polyglossia Warning: Asking to add empty feature to main font (Language
="Russian" to langtag "") on input line 5.


Package polyglossia Warning: Asking to add empty feature to main font(Script="l
atin" to scripttag "") on input line 6.


Package polyglossia Warning: Asking to add empty feature to main font (Language
="Russian" to langtag "") on input line 6.


Package polyglossia Warning: Asking to add empty feature to main font(Script="l
atin" to scripttag "") on input line 6.


Package polyglossia Warning: Asking to add empty feature to main font (Language
="Russian" to langtag "") on input line 6.


Package polyglossia Warning: Asking to add empty feature to main font(Script="l
atin" to scripttag "") on input line 6.


Package polyglossia Warning: Asking to add empty feature to main font (Language
="Russian" to langtag "") on input line 6.


Package polyglossia Warning: Asking to add empty feature to main font(Script="l
atin" to scripttag "") on input line 7.


Package polyglossia Warning: Asking to add empty feature to main font (Language
="Russian" to langtag "") on input line 7.


Package polyglossia Warning: Asking to add empty feature to main font(Script="l
atin" to scripttag "") on input line 7.


Package polyglossia Warning: Asking to add empty feature to main font (Language
="Russian" to langtag "") on input line 7.


Package polyglossia Warning: Asking to add empty feature to main font(Script="l
atin" to scripttag "") on input line 7.


Package polyglossia Warning: Asking to add empty feature to main font (Language
="Russian" to langtag "") on input line 7.


Package polyglossia Warning: Asking to add empty feature to main font(Script="l
atin" to scripttag "") on input line 8.


Package polyglossia Warning: Asking to add empty feature to main font (Language
="Russian" to langtag "") on input line 8.


Package polyglossia Warning: Asking to add empty feature to main font(Script="l
atin" to scripttag "") on input line 8.


Package polyglossia Warning: Asking to add empty feature to main font (Language
="Russian" to langtag "") on input line 8.


Package polyglossia Warning: Asking to add empty feature to main font(Script="l
atin" to scripttag "") on input line 8.


Package polyglossia Warning: Asking to add empty feature to main font (Language
="Russian" to langtag "") on input line 8.


Package polyglossia Warning: Asking to add empty feature to main font(Script="l
atin" to scripttag "") on input line 9.


Package polyglossia Warning: Asking to add empty feature to main font (Language
="Russian" to langtag "") on input line 9.


Package polyglossia Warning: Asking to add empty feature to main font(Script="l
atin" to scripttag "") on input line 9.


Package polyglossia Warning: Asking to add empty feature to main font (Language
="Russian" to langtag "") on input line 9.


Package polyglossia Warning: Asking to add empty feature to main font(Script="l
atin" to scripttag "") on input line 9.


Package polyglossia Warning: Asking to add empty feature to main font (Language
="Russian" to langtag "") on input line 9.

)
\tf@toc=\write7

\openout7 = document.toc


Package polyglossia Warning: Asking to add empty feature to main font(Script="l
atin" to scripttag "") on input line 39.


Package polyglossia Warning: Asking to add empty feature to main font (Language
="Russian" to langtag "") on input line 39.

[2

] (./subfiles/introduction.tex
Underfull \hbox (badness 10000) in paragraph at lines 8--9
[]\TU/TimesNewRoman(0)/m/n/14.4   
   
 []


Underfull \hbox (badness 4752) in paragraph at lines 9--10
[]\TU/TimesNewRoman(0)/m/n/14.4   
   ,
 []


Underfull \hbox (badness 10000) in paragraph at lines 9--10
\TU/TimesNewRoman(0)/m/n/14.4    
    
 []


Underfull \hbox (badness 2884) in paragraph at lines 12--13
[]\TU/TimesNewRoman(0)/m/n/14.4    
,  
 []


Underfull \hbox (badness 10000) in paragraph at lines 12--13
\TU/TimesNewRoman(0)/m/n/14.4    
    -
 []


Underfull \hbox (badness 10000) in paragraph at lines 19--20
[]\TU/TimesNewRoman(0)/m/n/14.4   
  
 []


Package polyglossia Warning: Asking to add empty feature to main font(Script="l
atin" to scripttag "") on input line 20.


Package polyglossia Warning: Asking to add empty feature to main font (Language
="Russian" to langtag "") on input line 20.

[3])

Package polyglossia Warning: Asking to add empty feature to main font(Script="l
atin" to scripttag "") on input line 42.


Package polyglossia Warning: Asking to add empty feature to main font (Language
="Russian" to langtag "") on input line 42.

[4] (./subfiles/main.tex
Underfull \hbox (badness 10000) in paragraph at lines 9--10
[]\TU/TimesNewRoman(0)/m/n/14.4   
   , 
 []


Underfull \hbox (badness 10000) in paragraph at lines 15--17
[]\TU/TimesNewRoman(0)/m/n/14.4     
   
 []


Underfull \hbox (badness 10000) in paragraph at lines 21--22
[]\TU/TimesNewRoman(0)/m/n/14.4     
    
 []


Package polyglossia Warning: Asking to add empty feature to main font(Script="l
atin" to scripttag "") on input line 32.


Package polyglossia Warning: Asking to add empty feature to main font (Language
="Russian" to langtag "") on input line 32.

[5]
Underfull \hbox (badness 1406) in paragraph at lines 32--33
\TU/TimesNewRoman(0)/m/n/14.4   , 
     
 []


Underfull \hbox (badness 3930) in paragraph at lines 33--34
[]\TU/TimesNewRoman(0)/m/n/14.4    
   10  
 []


Underfull \hbox (badness 1789) in paragraph at lines 34--35
[]\TU/TimesNewRoman(0)/m/n/14.4  YOLO,   
   
 []


Underfull \hbox (badness 1014) in paragraph at lines 34--35
\TU/TimesNewRoman(0)/m/n/14.4  
 .    

 []


Underfull \hbox (badness 2213) in paragraph at lines 34--35
\TU/TimesNewRoman(0)/m/n/14.4   
,    ,   
 []


Underfull \hbox (badness 1735) in paragraph at lines 34--35
\TU/TimesNewRoman(0)/m/n/14.4  ,  
     
 []


Package polyglossia Warning: Asking to add empty feature to main font(Script="l
atin" to scripttag "") on input line 36.


Package polyglossia Warning: Asking to add empty feature to main font (Language
="Russian" to langtag "") on input line 36.

<images/YOLO_alg.png, id=83, 719.68875pt x 386.44376pt>
File: images/YOLO_alg.png Graphic file (type png)
<use images/YOLO_alg.png>
Package luatex.def Info: images/YOLO_alg.png  used on input line 38.
(luatex.def)             Requested size: 359.84349pt x 193.2214pt.

Package polyglossia Warning: Asking to add empty feature to main font(Script="l
atin" to scripttag "") on input line 39.


Package polyglossia Warning: Asking to add empty feature to main font (Language
="Russian" to langtag "") on input line 39.


Package polyglossia Warning: Asking to add empty feature to main font(Script="l
atin" to scripttag "") on input line 41.


Package polyglossia Warning: Asking to add empty feature to main font (Language
="Russian" to langtag "") on input line 41.

<images/YOLO_arch.png, id=84, 803.0pt x 303.1325pt>
File: images/YOLO_arch.png Graphic file (type png)
<use images/YOLO_arch.png>
Package luatex.def Info: images/YOLO_arch.png  used on input line 43.
(luatex.def)             Requested size: 401.49902pt x 151.56587pt.

Package polyglossia Warning: Asking to add empty feature to main font(Script="l
atin" to scripttag "") on input line 44.


Package polyglossia Warning: Asking to add empty feature to main font (Language
="Russian" to langtag "") on input line 44.


Package polyglossia Warning: Asking to add empty feature to main font(Script="l
atin" to scripttag "") on input line 45.


Package polyglossia Warning: Asking to add empty feature to main font (Language
="Russian" to langtag "") on input line 45.

[6]
Underfull \hbox (badness 1087) in paragraph at lines 49--50
\TU/TimesNewRoman(0)/m/n/14.4    
   .  

 []


Package polyglossia Warning: Asking to add empty feature to main font(Script="l
atin" to scripttag "") on input line 51.


Package polyglossia Warning: Asking to add empty feature to main font (Language
="Russian" to langtag "") on input line 51.

<images/RT-DETR_arch.png, id=93, 674.52pt x 233.87375pt>
File: images/RT-DETR_arch.png Graphic file (type png)
<use images/RT-DETR_arch.png>
Package luatex.def Info: images/RT-DETR_arch.png  used on input line 53.
(luatex.def)             Requested size: 337.25917pt x 116.93657pt.

Package polyglossia Warning: Asking to add empty feature to main font(Script="l
atin" to scripttag "") on input line 54.


Package polyglossia Warning: Asking to add empty feature to main font (Language
="Russian" to langtag "") on input line 54.


Underfull \hbox (badness 5316) in paragraph at lines 50--55
[]\TU/TimesNewRoman(0)/m/n/14.4     
     .
 []


Underfull \hbox (badness 3449) in paragraph at lines 50--55
\TU/TimesNewRoman(0)/m/n/14.4   
    
 []


Underfull \hbox (badness 1194) in paragraph at lines 50--55
\TU/TimesNewRoman(0)/m/n/14.4  
   

 []


Underfull \hbox (badness 2393) in paragraph at lines 50--55
\TU/TimesNewRoman(0)/m/n/14.4   
   (Attention based Intra-
 []


Underfull \hbox (badness 7151) in paragraph at lines 50--55
\TU/TimesNewRoman(0)/m/n/14.4 scale Feature Interaction, AIFI)  
   
 []


Underfull \hbox (badness 5008) in paragraph at lines 50--55
\TU/TimesNewRoman(0)/m/n/14.4  CNN (CNN-based Cross-scale Feature Fu
sion, CCFF).  
 []


Package polyglossia Warning: Asking to add empty feature to main font(Script="l
atin" to scripttag "") on input line 55.


Package polyglossia Warning: Asking to add empty feature to main font (Language
="Russian" to langtag "") on input line 55.

[7<./images/YOLO_alg.png><./images/YOLO_arch.png>]

Package polyglossia Warning: Asking to add empty feature to main font(Script="l
atin" to scripttag "") on input line 58.


Package polyglossia Warning: Asking to add empty feature to main font (Language
="Russian" to langtag "") on input line 58.

<images/RT-DETR_test.png, id=102, 412.54124pt x 362.35374pt>
File: images/RT-DETR_test.png Graphic file (type png)
<use images/RT-DETR_test.png>
Package luatex.def Info: images/RT-DETR_test.png  used on input line 60.
(luatex.def)             Requested size: 206.27011pt x 181.17642pt.

Package polyglossia Warning: Asking to add empty feature to main font(Script="l
atin" to scripttag "") on input line 61.


Package polyglossia Warning: Asking to add empty feature to main font (Language
="Russian" to langtag "") on input line 61.


Package polyglossia Warning: Asking to add empty feature to main font(Script="l
atin" to scripttag "") on input line 67.


Package polyglossia Warning: Asking to add empty feature to main font (Language
="Russian" to langtag "") on input line 67.

[8<./images/RT-DETR_arch.png><./images/RT-DETR_test.png>]
Underfull \hbox (badness 2384) in paragraph at lines 67--68
\TU/TimesNewRoman(0)/m/n/14.4  .   
,      
 []


Underfull \hbox (badness 1371) in paragraph at lines 69--70
[]\TU/TimesNewRoman(0)/m/n/14.4    R-CNN 
 :  
 []


Package polyglossia Warning: Asking to add empty feature to main font(Script="l
atin" to scripttag "") on input line 71.


Package polyglossia Warning: Asking to add empty feature to main font (Language
="Russian" to langtag "") on input line 71.

<images/R-CNN_alg.png, id=110, 323.2075pt x 338.26375pt>
File: images/R-CNN_alg.png Graphic file (type png)
<use images/R-CNN_alg.png>
Package luatex.def Info: images/R-CNN_alg.png  used on input line 73.
(luatex.def)             Requested size: 161.60335pt x 169.13145pt.

Package polyglossia Warning: Asking to add empty feature to main font(Script="l
atin" to scripttag "") on input line 74.


Package polyglossia Warning: Asking to add empty feature to main font (Language
="Russian" to langtag "") on input line 74.


Package polyglossia Warning: Asking to add empty feature to main font(Script="l
atin" to scripttag "") on input line 79.


Package polyglossia Warning: Asking to add empty feature to main font (Language
="Russian" to langtag "") on input line 79.

<images/bear3.jpg, id=112, 154.176pt x 97.8054pt>
File: images/bear3.jpg Graphic file (type jpg)
<use images/bear3.jpg>
Package luatex.def Info: images/bear3.jpg  used on input line 81.
(luatex.def)             Requested size: 154.1756pt x 97.80515pt.

Package polyglossia Warning: Asking to add empty feature to main font(Script="l
atin" to scripttag "") on input line 82.


Package polyglossia Warning: Asking to add empty feature to main font (Language
="Russian" to langtag "") on input line 82.


Underfull \hbox (badness 1895) in paragraph at lines 78--83
\TU/TimesNewRoman(0)/m/n/14.4  .  
    , 
 []


Underfull \hbox (badness 3895) in paragraph at lines 78--83
\TU/TimesNewRoman(0)/m/n/14.4  ,   
  ,     
 []


Package polyglossia Warning: Asking to add empty feature to main font(Script="l
atin" to scripttag "") on input line 83.


Package polyglossia Warning: Asking to add empty feature to main font (Language
="Russian" to langtag "") on input line 83.

[9<./images/R-CNN_alg.png>]

Package polyglossia Warning: Asking to add empty feature to main font(Script="l
atin" to scripttag "") on input line 84.


Package polyglossia Warning: Asking to add empty feature to main font (Language
="Russian" to langtag "") on input line 84.

<images/8.jpg, id=120, 295.1025pt x 171.64125pt>
File: images/8.jpg Graphic file (type jpg)
<use images/8.jpg>
Package luatex.def Info: images/8.jpg  used on input line 86.
(luatex.def)             Requested size: 295.10176pt x 171.64081pt.

Package polyglossia Warning: Asking to add empty feature to main font(Script="l
atin" to scripttag "") on input line 87.


Package polyglossia Warning: Asking to add empty feature to main font (Language
="Russian" to langtag "") on input line 87.


Package polyglossia Warning: Asking to add empty feature to main font(Script="l
atin" to scripttag "") on input line 97.


Package polyglossia Warning: Asking to add empty feature to main font (Language
="Russian" to langtag "") on input line 97.

[10<./images/bear3.jpg><./images/8.jpg>]
Underfull \hbox (badness 1533) in paragraph at lines 97--98
\TU/TimesNewRoman(0)/m/n/14.4  .  
   ROC  
 []


\openout4 = document.pyg
(./_minted-document/default.pygstyle)
(./_minted-document/8E95CCEA33C8B4A567C54765210C9317B654264170BE0172DFAD1E0D8D5
31DA9.pygtex
LaTeX Font Info:    Font shape `TU/CourierNew(0)/m/n' will be
(Font)              scaled to size 12.9599pt on input line 1.


Package polyglossia Warning: Asking to add empty feature to main font(Script="l
atin" to scripttag "") on input line 1.


Package polyglossia Warning: Asking to add empty feature to main font (Language
="Russian" to langtag "") on input line 1.

LaTeX Font Info:    Font shape `TU/CourierNew(0)/b/n' will be
(Font)              scaled to size 12.9599pt on input line 2.
LaTeX Font Info:    Font shape `TU/CourierNew(0)/m/n' will be
(Font)              scaled to size 5.39996pt on input line 2.
)
\openout4 = document.pyg

(./_minted-document/51741012185E5A42B25E1A7A7BA48691B654264170BE0172DFAD1E0D8D5
31DA9.pygtex

Package polyglossia Warning: Asking to add empty feature to main font(Script="l
atin" to scripttag "") on input line 1.


Package polyglossia Warning: Asking to add empty feature to main font (Language
="Russian" to langtag "") on input line 1.

LaTeX Font Info:    Font shape `TU/CourierNew(0)/m/it' will be
(Font)              scaled to size 12.9599pt on input line 4.

Package polyglossia Warning: Asking to add empty feature to main font(Script="l
atin" to scripttag "") on input line 8.


Package polyglossia Warning: Asking to add empty feature to main font (Language
="Russian" to langtag "") on input line 8.

[11]
Overfull \hbox (38.704pt too wide) in paragraph at lines 13--13
|| | |[][][]\TU/CourierNew(0)/m/n/14.4 ConfusionMatrixDisplay(cm)[].[]plot(ax[]
=[]axs[i][j])|  
 []

)
\openout4 = document.pyg

(./_minted-document/2212F41B7160331753C0740480CD2A9BB654264170BE0172DFAD1E0D8D5
31DA9.pygtex

Package polyglossia Warning: Asking to add empty feature to main font(Script="l
atin" to scripttag "") on input line 1.


Package polyglossia Warning: Asking to add empty feature to main font (Language
="Russian" to langtag "") on input line 1.


Package polyglossia Warning: Asking to add empty feature to main font(Script="l
atin" to scripttag "") on input line 14.


Package polyglossia Warning: Asking to add empty feature to main font (Language
="Russian" to langtag "") on input line 14.

[12])

Package polyglossia Warning: Asking to add empty feature to main font(Script="l
atin" to scripttag "") on input line 154.


Package polyglossia Warning: Asking to add empty feature to main font (Language
="Russian" to langtag "") on input line 154.

<images/ConfMat_plot.png, id=142, 1445.4pt x 1445.4pt>
File: images/ConfMat_plot.png Graphic file (type png)
<use images/ConfMat_plot.png>
Package luatex.def Info: images/ConfMat_plot.png  used on input line 156.
(luatex.def)             Requested size: 505.89758pt x 505.89758pt.

Overfull \hbox (7.97433pt too wide) in paragraph at lines 156--157
 [][][][] 
 []


Package polyglossia Warning: Asking to add empty feature to main font(Script="l
atin" to scripttag "") on input line 157.


Package polyglossia Warning: Asking to add empty feature to main font (Language
="Russian" to langtag "") on input line 157.


Package polyglossia Warning: Asking to add empty feature to main font(Script="l
atin" to scripttag "") on input line 159.


Package polyglossia Warning: Asking to add empty feature to main font (Language
="Russian" to langtag "") on input line 159.

<images/RCNN_ConfMat.png, id=143, 722.7pt x 722.7pt>
File: images/RCNN_ConfMat.png Graphic file (type png)
<use images/RCNN_ConfMat.png>
Package luatex.def Info: images/RCNN_ConfMat.png  used on input line 161.
(luatex.def)             Requested size: 289.07487pt x 289.07487pt.

Package polyglossia Warning: Asking to add empty feature to main font(Script="l
atin" to scripttag "") on input line 162.


Package polyglossia Warning: Asking to add empty feature to main font (Language
="Russian" to langtag "") on input line 162.


Package polyglossia Warning: Asking to add empty feature to main font(Script="l
atin" to scripttag "") on input line 163.


Package polyglossia Warning: Asking to add empty feature to main font (Language
="Russian" to langtag "") on input line 163.

[13]

Package polyglossia Warning: Asking to add empty feature to main font(Script="l
atin" to scripttag "") on input line 164.


Package polyglossia Warning: Asking to add empty feature to main font (Language
="Russian" to langtag "") on input line 164.

<images/roc_curve.png, id=148, 722.7pt x 722.7pt>
File: images/roc_curve.png Graphic file (type png)
<use images/roc_curve.png>
Package luatex.def Info: images/roc_curve.png  used on input line 166.
(luatex.def)             Requested size: 289.07487pt x 289.07487pt.

Package polyglossia Warning: Asking to add empty feature to main font(Script="l
atin" to scripttag "") on input line 167.


Package polyglossia Warning: Asking to add empty feature to main font (Language
="Russian" to langtag "") on input line 167.


Package polyglossia Warning: Asking to add empty feature to main font(Script="l
atin" to scripttag "") on input line 168.


Package polyglossia Warning: Asking to add empty feature to main font (Language
="Russian" to langtag "") on input line 168.

[14<./images/ConfMat_plot.png>]

Package polyglossia Warning: Asking to add empty feature to main font(Script="l
atin" to scripttag "") on input line 169.


Package polyglossia Warning: Asking to add empty feature to main font (Language
="Russian" to langtag "") on input line 169.

<images/RCNN_roc_curve.png, id=156, 722.7pt x 722.7pt>
File: images/RCNN_roc_curve.png Graphic file (type png)
<use images/RCNN_roc_curve.png>
Package luatex.def Info: images/RCNN_roc_curve.png  used on input line 171.
(luatex.def)             Requested size: 289.07487pt x 289.07487pt.

Package polyglossia Warning: Asking to add empty feature to main font(Script="l
atin" to scripttag "") on input line 172.


Package polyglossia Warning: Asking to add empty feature to main font (Language
="Russian" to langtag "") on input line 172.


Package polyglossia Warning: Asking to add empty feature to main font(Script="l
atin" to scripttag "") on input line 174.


Package polyglossia Warning: Asking to add empty feature to main font (Language
="Russian" to langtag "") on input line 174.

[15<./images/RCNN_ConfMat.png><./images/roc_curve.png>]
\openout4 = document.pyg

(./_minted-document/0DB274C80CB83693C58AD17F04FF05140B273ABA23A2AD35416987E1833
FAC52.pygtex

Package polyglossia Warning: Asking to add empty feature to main font(Script="l
atin" to scripttag "") on input line 1.


Package polyglossia Warning: Asking to add empty feature to main font (Language
="Russian" to langtag "") on input line 1.


Package polyglossia Warning: Asking to add empty feature to main font(Script="l
atin" to scripttag "") on input line 18.


Package polyglossia Warning: Asking to add empty feature to main font (Language
="Russian" to langtag "") on input line 18.

[16<./images/RCNN_roc_curve.png>]))

Package polyglossia Warning: Asking to add empty feature to main font(Script="l
atin" to scripttag "") on input line 45.


Package polyglossia Warning: Asking to add empty feature to main font (Language
="Russian" to langtag "") on input line 45.

[17] (./subfiles/conclusion.tex
Underfull \hbox (badness 2343) in paragraph at lines 4--5
[]\TU/TimesNewRoman(0)/m/n/14.4   
    , 
 []


Underfull \hbox (badness 1057) in paragraph at lines 4--5
\TU/TimesNewRoman(0)/m/n/14.4   -
 .  ,   

 []


Underfull \hbox (badness 4940) in paragraph at lines 5--6
\TU/TimesNewRoman(0)/m/n/14.4   
   ,   
 []


Underfull \hbox (badness 10000) in paragraph at lines 6--8
[]\TU/TimesNewRoman(0)/m/n/14.4    
    
 []


Underfull \hbox (badness 1448) in paragraph at lines 6--8
\TU/TimesNewRoman(0)/m/n/14.4    
    

 []


Underfull \hbox (badness 10000) in paragraph at lines 6--8
\TU/TimesNewRoman(0)/m/n/14.4  
,    
 []


Underfull \hbox (badness 1303) in paragraph at lines 6--8
\TU/TimesNewRoman(0)/m/n/14.4  , 
    

 []

)
Underfull \hbox (badness 2368) in paragraph at lines 8--48
[]\TU/TimesNewRoman(0)/m/n/14.4   
    
 []


Package polyglossia Warning: Asking to add empty feature to main font(Script="l
atin" to scripttag "") on input line 48.


Package polyglossia Warning: Asking to add empty feature to main font (Language
="Russian" to langtag "") on input line 48.

[18]

LaTeX Warning: Empty bibliography on input line 50.

(./subfiles/diary.tex
*geometry* verbose mode - [ newgeometry ] result:
* driver: luatex
* paper: a4paper
* layout: <same size as paper>
* layoutoffset:(h,v)=(0.0pt,0.0pt)
* modes: 
* h-part:(L,W,R)=(71.13188pt, 497.92325pt, 28.45274pt)
* v-part:(T,H,B)=(34.14322pt, 753.99812pt, 56.9055pt)
* \paperwidth=597.50787pt
* \paperheight=845.04684pt
* \textwidth=497.92325pt
* \textheight=753.99812pt
* \oddsidemargin=-1.1381pt
* \evensidemargin=-1.1381pt
* \topmargin=-77.12677pt
* \headheight=14.0pt
* \headsep=25.0pt
* \topskip=14.0pt
* \footskip=30.0pt
* \marginparwidth=24.0pt
* \marginparsep=10.0pt
* \columnsep=10.0pt
* \skip\footins=12.0pt plus 4.0pt minus 2.0pt
* \hoffset=0.0pt
* \voffset=0.0pt
* \mag=1000
* \@twocolumnfalse
* \@twosidefalse
* \@mparswitchfalse
* \@reversemarginfalse
* (1in=72.27pt=25.4mm, 1cm=28.453pt)

File: document-fefu.png Graphic file (type png)
<use document-fefu.png>
Package luatex.def Info: document-fefu.png  used on input line 8.
(luatex.def)             Requested size: 28.60564pt x 57.81349pt.


Package polyglossia Warning: Asking to add empty feature to main font(Script="l
atin" to scripttag "") on input line 8.


Package polyglossia Warning: Asking to add empty feature to main font (Language
="Russian" to langtag "") on input line 8.


Package polyglossia Warning: Asking to add empty feature to main font(Script="l
atin" to scripttag "") on input line 8.


Package polyglossia Warning: Asking to add empty feature to main font (Language
="Russian" to langtag "") on input line 8.


Package polyglossia Warning: Asking to add empty feature to main font(Script="l
atin" to scripttag "") on input line 8.


Package polyglossia Warning: Asking to add empty feature to main font (Language
="Russian" to langtag "") on input line 8.

[19

]

Package polyglossia Warning: Asking to add empty feature to main font(Script="l
atin" to scripttag "") on input line 8.


Package polyglossia Warning: Asking to add empty feature to main font (Language
="Russian" to langtag "") on input line 8.

[20

]) (./subfiles/practice-task.tex

Package polyglossia Warning: Asking to add empty feature to main font(Script="l
atin" to scripttag "") on input line 6.


Package polyglossia Warning: Asking to add empty feature to main font (Language
="Russian" to langtag "") on input line 6.


Underfull \hbox (badness 2591) in paragraph at lines 6--6
[]\TU/TimesNewRoman(0)/m/n/14.4     
  : |   []   |   []   |   []
 []


Underfull \hbox (badness 1616) in paragraph at lines 6--6
|   []   |   []   |   []   |   []   |   []   |   []   |   []   |   []
 []


Underfull \hbox (badness 6825) in paragraph at lines 6--6
|   []   |   []   |   []   |   []   |   []   |   []   |   []   |   []
 []


Package polyglossia Warning: Asking to add empty feature to main font(Script="l
atin" to scripttag "") on input line 6.


Package polyglossia Warning: Asking to add empty feature to main font (Language
="Russian" to langtag "") on input line 6.

[21]) (./document.aux)
 ***********
LaTeX2e <2023-11-01> patch level 1
L3 programming layer <2024-02-20>
 ***********


LaTeX Warning: There were undefined references.

Package rerunfilecheck Info: File `document.out' has not changed.
(rerunfilecheck)             Checksum: 0AC166CF176E731878D9CFABF99AA8ED;1360.

Package biblatex Warning: Please (re)run Biber on the file:
(biblatex)                document
(biblatex)                and rerun LaTeX afterwards.

runsystem(rm document.pyg)...executed.
Package logreq Info: Writing requests to 'document.run.xml'.

\openout1 = document.run.xml
)

Here is how much of LuaTeX's memory you used:
 41797 strings out of 476447
 125038,2373549 words of node,token memory allocated
 833 words of node memory still in use:
   6 hlist, 2 vlist, 2 rule, 2 glue, 4 kern, 1 glyph, 7 attribute, 121 glue_spec
, 7 attribute_list, 1 write nodes
   avail lists: 1:2,2:1397,3:224,4:278,5:1030,6:63,7:3699,8:10,9:647,10:13,11:15

 62668 multiletter control sequences out of 65536+600000
 77 fonts using 14626359 bytes
 109i,12n,128p,2368b,3207s stack positions out of 10000i,1000n,20000p,200000b,200000s
</usr/share/fonts/TTF/couri.ttf></usr/share/fonts/TTF/cour.ttf></usr/share/fonts
/TTF/courbd.ttf></usr/share/fonts/TTF/Timesbd.TTF></usr/share/fonts/TTF/Times.TT
F></usr/share/texmf-dist/fonts/type1/public/amsfonts/cm/cmmi12.pfb></usr/share/t
exmf-dist/fonts/type1/public/amsfonts/cm/cmmi6.pfb></usr/share/texmf-dist/fonts/
type1/public/amsfonts/cm/cmr12.pfb></usr/share/texmf-dist/fonts/type1/public/ams
fonts/cm/cmsy6.pfb>
Output written on document.pdf (21 pages, 1176017 bytes).

PDF statistics: 248 PDF objects out of 1000 (max. 8388607)
 182 compressed objects within 2 object streams
 44 named destinations out of 1000 (max. 131072)
 73 words of extra memory for PDF output out of 10000 (max. 100000000)

